2025-06-19 05:58:09,737+0000 WARN  [qtp1029790510-317]  *UNKNOWN org.sonatype.nexus.siesta.internal.UnexpectedExceptionMapper - (ID 760fb5d8-c6ac-4cb4-be11-69ef33a7feeb) Unexpected exception: org.apache.http.conn.HttpHostConnectException: Connect to clm.sonatype.com:443 [clm.sonatype.com/3.164.53.3, clm.sonatype.com/3.164.53.126, clm.sonatype.com/3.164.53.92, clm.sonatype.com/3.164.53.96] failed: Connection refused
org.apache.http.conn.HttpHostConnectException: Connect to clm.sonatype.com:443 [clm.sonatype.com/3.164.53.3, clm.sonatype.com/3.164.53.126, clm.sonatype.com/3.164.53.92, clm.sonatype.com/3.164.53.96] failed: Connection refused
	at org.apache.http.impl.conn.DefaultHttpClientConnectionOperator.connect(DefaultHttpClientConnectionOperator.java:156)
	at org.apache.http.impl.conn.PoolingHttpClientConnectionManager.connect(PoolingHttpClientConnectionManager.java:376)
	at org.apache.http.impl.execchain.MainClientExec.establishRoute(MainClientExec.java:393)
	at org.apache.http.impl.execchain.MainClientExec.execute(MainClientExec.java:236)
	at org.apache.http.impl.execchain.ProtocolExec.execute(ProtocolExec.java:186)
	at org.apache.http.impl.execchain.RetryExec.execute(RetryExec.java:89)
	at org.apache.http.impl.execchain.RedirectExec.execute(RedirectExec.java:110)
	at org.apache.http.impl.client.InternalHttpClient.doExecute(InternalHttpClient.java:185)
	at org.apache.http.impl.client.CloseableHttpClient.execute(CloseableHttpClient.java:83)
	at org.apache.http.impl.client.CloseableHttpClient.execute(CloseableHttpClient.java:56)
	at com.sonatype.analytics.internal.service.UserTelemetryService.execute(UserTelemetryService.java:246)
	at com.sonatype.analytics.internal.service.UserTelemetryService.doGet(UserTelemetryService.java:225)
	at com.sonatype.analytics.internal.rest.UserTelemetryResource.proxyGet(UserTelemetryResource.java:69)
	at jdk.internal.reflect.GeneratedMethodAccessor112.invoke(Unknown Source)
	at java.base/jdk.internal.reflect.DelegatingMethodAccessorImpl.invoke(DelegatingMethodAccessorImpl.java:43)
	at java.base/java.lang.reflect.Method.invoke(Method.java:569)
	at org.jboss.resteasy.core.MethodInjectorImpl.invoke(MethodInjectorImpl.java:138)
	at org.jboss.resteasy.core.ResourceMethodInvoker.internalInvokeOnTarget(ResourceMethodInvoker.java:546)
	at org.jboss.resteasy.core.ResourceMethodInvoker.invokeOnTargetAfterFilter(ResourceMethodInvoker.java:435)
	at org.jboss.resteasy.core.ResourceMethodInvoker.lambda$invokeOnTarget$0(ResourceMethodInvoker.java:396)
	at org.jboss.resteasy.core.interception.PreMatchContainerRequestContext.filter(PreMatchContainerRequestContext.java:358)
	at org.jboss.resteasy.core.ResourceMethodInvoker.invokeOnTarget(ResourceMethodInvoker.java:398)
	at org.jboss.resteasy.core.ResourceMethodInvoker.invoke(ResourceMethodInvoker.java:365)
	at org.jboss.resteasy.core.ResourceMethodInvoker.invoke(ResourceMethodInvoker.java:338)
	at org.jboss.resteasy.core.SynchronousDispatcher.invoke(SynchronousDispatcher.java:440)
	at org.jboss.resteasy.core.SynchronousDispatcher.lambda$invoke$4(SynchronousDispatcher.java:229)
	at org.jboss.resteasy.core.SynchronousDispatcher.lambda$preprocess$0(SynchronousDispatcher.java:135)
	at org.jboss.resteasy.core.interception.PreMatchContainerRequestContext.filter(PreMatchContainerRequestContext.java:358)
	at org.jboss.resteasy.core.SynchronousDispatcher.preprocess(SynchronousDispatcher.java:138)
	at org.jboss.resteasy.core.SynchronousDispatcher.invoke(SynchronousDispatcher.java:215)
	at org.jboss.resteasy.plugins.server.servlet.ServletContainerDispatcher.service(ServletContainerDispatcher.java:245)
	at org.jboss.resteasy.plugins.server.servlet.HttpServletDispatcher.service(HttpServletDispatcher.java:61)
	at org.jboss.resteasy.plugins.server.servlet.HttpServletDispatcher.service(HttpServletDispatcher.java:56)
	at org.sonatype.nexus.siesta.internal.resteasy.ComponentContainerImpl.service(ComponentContainerImpl.java:120)
	at org.sonatype.nexus.siesta.SiestaServlet.service(SiestaServlet.java:137)
	at javax.servlet.http.HttpServlet.service(HttpServlet.java:750)
	at com.google.inject.servlet.ServletDefinition.doServiceImpl(ServletDefinition.java:293)
	at com.google.inject.servlet.ServletDefinition.doService(ServletDefinition.java:283)
	at com.google.inject.servlet.ServletDefinition.service(ServletDefinition.java:184)
	at com.google.inject.servlet.DynamicServletPipeline.service(DynamicServletPipeline.java:71)
	at com.google.inject.servlet.FilterChainInvocation.doFilter(FilterChainInvocation.java:85)
	at org.apache.shiro.web.servlet.ProxiedFilterChain.doFilter(ProxiedFilterChain.java:61)
	at org.apache.shiro.web.servlet.AdviceFilter.executeChain(AdviceFilter.java:108)
	at org.apache.shiro.web.servlet.AdviceFilter.doFilterInternal(AdviceFilter.java:137)
	at org.apache.shiro.web.servlet.OncePerRequestFilter.doFilter(OncePerRequestFilter.java:154)
	at org.apache.shiro.web.servlet.ProxiedFilterChain.doFilter(ProxiedFilterChain.java:66)
	at org.apache.shiro.web.servlet.AdviceFilter.executeChain(AdviceFilter.java:108)
	at org.apache.shiro.web.servlet.AdviceFilter.doFilterInternal(AdviceFilter.java:137)
	at org.apache.shiro.web.servlet.OncePerRequestFilter.doFilter(OncePerRequestFilter.java:154)
	at org.apache.shiro.web.servlet.ProxiedFilterChain.doFilter(ProxiedFilterChain.java:66)
	at org.apache.shiro.web.servlet.AdviceFilter.executeChain(AdviceFilter.java:108)
	at org.apache.shiro.web.servlet.AdviceFilter.doFilterInternal(AdviceFilter.java:137)
	at org.apache.shiro.web.servlet.OncePerRequestFilter.doFilter(OncePerRequestFilter.java:154)
	at org.apache.shiro.web.servlet.ProxiedFilterChain.doFilter(ProxiedFilterChain.java:66)
	at org.apache.shiro.web.servlet.AbstractShiroFilter.executeChain(AbstractShiroFilter.java:458)
	at org.sonatype.nexus.security.SecurityFilter.executeChain(SecurityFilter.java:96)
	at org.apache.shiro.web.servlet.AbstractShiroFilter$1.call(AbstractShiroFilter.java:373)
	at org.apache.shiro.subject.support.SubjectCallable.doCall(SubjectCallable.java:90)
	at org.apache.shiro.subject.support.SubjectCallable.call(SubjectCallable.java:83)
	at org.apache.shiro.subject.support.DelegatingSubject.execute(DelegatingSubject.java:387)
	at org.apache.shiro.web.servlet.AbstractShiroFilter.doFilterInternal(AbstractShiroFilter.java:370)
	at org.sonatype.nexus.security.SecurityFilter.doFilterInternal(SecurityFilter.java:112)
	at org.apache.shiro.web.servlet.OncePerRequestFilter.doFilter(OncePerRequestFilter.java:154)
	at com.google.inject.servlet.FilterChainInvocation.doFilter(FilterChainInvocation.java:82)
	at com.sonatype.analytics.internal.filter.ResponseSizeInterceptor.executeChain(ResponseSizeInterceptor.java:53)
	at org.apache.shiro.web.servlet.AdviceFilter.doFilterInternal(AdviceFilter.java:137)
	at org.apache.shiro.web.servlet.OncePerRequestFilter.doFilter(OncePerRequestFilter.java:154)
	at com.google.inject.servlet.FilterChainInvocation.doFilter(FilterChainInvocation.java:82)
	at org.apache.shiro.web.servlet.AdviceFilter.executeChain(AdviceFilter.java:108)
	at org.apache.shiro.web.servlet.AdviceFilter.doFilterInternal(AdviceFilter.java:137)
	at org.apache.shiro.web.servlet.OncePerRequestFilter.doFilter(OncePerRequestFilter.java:154)
	at com.google.inject.servlet.FilterChainInvocation.doFilter(FilterChainInvocation.java:82)
	at org.apache.shiro.web.servlet.ProxiedFilterChain.doFilter(ProxiedFilterChain.java:61)
	at org.apache.shiro.web.servlet.AdviceFilter.executeChain(AdviceFilter.java:108)
	at org.apache.shiro.web.servlet.AdviceFilter.doFilterInternal(AdviceFilter.java:137)
	at org.apache.shiro.web.servlet.OncePerRequestFilter.doFilter(OncePerRequestFilter.java:154)
	at org.apache.shiro.web.servlet.ProxiedFilterChain.doFilter(ProxiedFilterChain.java:66)
	at org.apache.shiro.web.servlet.AdviceFilter.executeChain(AdviceFilter.java:108)
	at org.apache.shiro.web.servlet.AdviceFilter.doFilterInternal(AdviceFilter.java:137)
	at org.apache.shiro.web.servlet.OncePerRequestFilter.doFilter(OncePerRequestFilter.java:154)
	at org.apache.shiro.web.servlet.ProxiedFilterChain.doFilter(ProxiedFilterChain.java:66)
	at org.apache.shiro.web.servlet.AdviceFilter.executeChain(AdviceFilter.java:108)
	at org.apache.shiro.web.servlet.AdviceFilter.doFilterInternal(AdviceFilter.java:137)
	at org.apache.shiro.web.servlet.OncePerRequestFilter.doFilter(OncePerRequestFilter.java:154)
	at org.apache.shiro.web.servlet.ProxiedFilterChain.doFilter(ProxiedFilterChain.java:66)
	at org.apache.shiro.web.servlet.AbstractShiroFilter.executeChain(AbstractShiroFilter.java:458)
	at org.sonatype.nexus.security.SecurityFilter.executeChain(SecurityFilter.java:96)
	at org.apache.shiro.web.servlet.AbstractShiroFilter$1.call(AbstractShiroFilter.java:373)
	at org.apache.shiro.subject.support.SubjectCallable.doCall(SubjectCallable.java:90)
	at org.apache.shiro.subject.support.SubjectCallable.call(SubjectCallable.java:83)
	at org.apache.shiro.subject.support.DelegatingSubject.execute(DelegatingSubject.java:387)
	at org.apache.shiro.web.servlet.AbstractShiroFilter.doFilterInternal(AbstractShiroFilter.java:370)
	at org.sonatype.nexus.security.SecurityFilter.doFilterInternal(SecurityFilter.java:112)
	at org.apache.shiro.web.servlet.OncePerRequestFilter.doFilter(OncePerRequestFilter.java:154)
	at com.google.inject.servlet.FilterChainInvocation.doFilter(FilterChainInvocation.java:82)
	at com.sonatype.nexus.licensing.internal.LicensingRedirectFilter.doFilter(LicensingRedirectFilter.java:116)
	at com.google.inject.servlet.FilterChainInvocation.doFilter(FilterChainInvocation.java:82)
	at com.codahale.metrics.servlet.AbstractInstrumentedFilter.doFilter(AbstractInstrumentedFilter.java:112)
	at com.google.inject.servlet.FilterChainInvocation.doFilter(FilterChainInvocation.java:82)
	at org.sonatype.nexus.internal.web.ErrorPageFilter.doFilter(ErrorPageFilter.java:81)
	at com.google.inject.servlet.FilterChainInvocation.doFilter(FilterChainInvocation.java:82)
	at org.sonatype.nexus.internal.web.EnvironmentFilter.doFilter(EnvironmentFilter.java:114)
	at com.google.inject.servlet.FilterChainInvocation.doFilter(FilterChainInvocation.java:82)
	at org.sonatype.nexus.internal.web.HeaderPatternFilter.doFilter(HeaderPatternFilter.java:100)
	at com.google.inject.servlet.FilterChainInvocation.doFilter(FilterChainInvocation.java:82)
	at com.google.inject.servlet.DynamicFilterPipeline.dispatch(DynamicFilterPipeline.java:106)
	at com.google.inject.servlet.GuiceFilter.doFilter(GuiceFilter.java:133)
	at org.sonatype.nexus.bootstrap.application.DelegatingFilter.doFilter(DelegatingFilter.java:71)
	at org.eclipse.jetty.ee8.servlet.FilterHolder.doFilter(FilterHolder.java:177)
	at org.eclipse.jetty.ee8.servlet.ServletHandler$Chain.doFilter(ServletHandler.java:1348)
	at org.eclipse.jetty.ee8.servlet.ServletHandler.doHandle(ServletHandler.java:454)
	at org.eclipse.jetty.ee8.nested.ScopedHandler.handle(ScopedHandler.java:119)
	at org.eclipse.jetty.ee8.security.SecurityHandler.handle(SecurityHandler.java:497)
	at org.eclipse.jetty.ee8.nested.HandlerWrapper.handle(HandlerWrapper.java:108)
	at org.eclipse.jetty.ee8.nested.ScopedHandler.nextHandle(ScopedHandler.java:183)
	at org.eclipse.jetty.ee8.nested.SessionHandler.doHandle(SessionHandler.java:519)
	at org.eclipse.jetty.ee8.nested.ScopedHandler.nextHandle(ScopedHandler.java:181)
	at org.eclipse.jetty.ee8.nested.ContextHandler.doHandle(ContextHandler.java:885)
	at org.eclipse.jetty.ee8.nested.ScopedHandler.nextScope(ScopedHandler.java:152)
	at org.eclipse.jetty.ee8.servlet.ServletHandler.doScope(ServletHandler.java:423)
	at org.eclipse.jetty.ee8.nested.ScopedHandler.nextScope(ScopedHandler.java:150)
	at org.eclipse.jetty.ee8.nested.SessionHandler.doScope(SessionHandler.java:503)
	at org.eclipse.jetty.ee8.nested.ScopedHandler.nextScope(ScopedHandler.java:150)
	at org.eclipse.jetty.ee8.nested.ContextHandler.doScope(ContextHandler.java:830)
	at org.eclipse.jetty.ee8.nested.ScopedHandler.handle(ScopedHandler.java:117)
	at org.eclipse.jetty.ee8.nested.ContextHandler.handle(ContextHandler.java:1443)
	at org.eclipse.jetty.ee8.nested.HttpChannel$RequestDispatchable.dispatch(HttpChannel.java:1289)
	at org.eclipse.jetty.ee8.nested.HttpChannel.dispatch(HttpChannel.java:616)
	at org.eclipse.jetty.ee8.nested.HttpChannel.handle(HttpChannel.java:459)
	at org.eclipse.jetty.ee8.nested.ContextHandler$CoreContextHandler$CoreToNestedHandler.handle(ContextHandler.java:2450)
	at org.eclipse.jetty.server.handler.ContextHandler.handle(ContextHandler.java:1064)
	at org.eclipse.jetty.server.Handler$Wrapper.handle(Handler.java:740)
	at io.dropwizard.metrics.jetty12.AbstractInstrumentedHandler.handle(AbstractInstrumentedHandler.java:299)
	at org.sonatype.nexus.repository.docker.internal.DockerRequestHandler.handle(DockerRequestHandler.java:91)
	at org.eclipse.jetty.server.handler.ContextHandlerCollection.handle(ContextHandlerCollection.java:151)
	at org.eclipse.jetty.server.Server.handle(Server.java:182)
	at org.eclipse.jetty.server.internal.HttpChannelState$HandlerInvoker.run(HttpChannelState.java:662)
	at org.eclipse.jetty.server.internal.HttpConnection.onFillable(HttpConnection.java:416)
	at org.eclipse.jetty.io.AbstractConnection$ReadCallback.succeeded(AbstractConnection.java:322)
	at org.eclipse.jetty.io.FillInterest.fillable(FillInterest.java:99)
	at org.eclipse.jetty.io.SelectableChannelEndPoint$1.run(SelectableChannelEndPoint.java:53)
	at org.eclipse.jetty.util.thread.strategy.AdaptiveExecutionStrategy.runTask(AdaptiveExecutionStrategy.java:480)
	at org.eclipse.jetty.util.thread.strategy.AdaptiveExecutionStrategy.consumeTask(AdaptiveExecutionStrategy.java:443)
	at org.eclipse.jetty.util.thread.strategy.AdaptiveExecutionStrategy.tryProduce(AdaptiveExecutionStrategy.java:293)
	at org.eclipse.jetty.util.thread.strategy.AdaptiveExecutionStrategy.run(AdaptiveExecutionStrategy.java:201)
	at org.eclipse.jetty.util.thread.ReservedThreadExecutor$ReservedThread.run(ReservedThreadExecutor.java:311)
	at org.eclipse.jetty.util.thread.QueuedThreadPool.runJob(QueuedThreadPool.java:979)
	at org.eclipse.jetty.util.thread.QueuedThreadPool$Runner.doRunJob(QueuedThreadPool.java:1209)
	at org.eclipse.jetty.util.thread.QueuedThreadPool$Runner.run(QueuedThreadPool.java:1164)
	at java.base/java.lang.Thread.run(Thread.java:840)
Caused by: java.net.ConnectException: Connection refused
	at java.base/sun.nio.ch.Net.pollConnect(Native Method)
	at java.base/sun.nio.ch.Net.pollConnectNow(Net.java:672)
	at java.base/sun.nio.ch.NioSocketImpl.timedFinishConnect(NioSocketImpl.java:554)
	at java.base/sun.nio.ch.NioSocketImpl.connect(NioSocketImpl.java:602)
	at java.base/java.net.SocksSocketImpl.connect(SocksSocketImpl.java:327)
	at java.base/java.net.Socket.connect(Socket.java:633)
	at org.apache.http.conn.ssl.SSLConnectionSocketFactory.connectSocket(SSLConnectionSocketFactory.java:368)
	at org.sonatype.nexus.internal.httpclient.NexusSSLConnectionSocketFactory.connectSocket(NexusSSLConnectionSocketFactory.java:89)
	at org.apache.http.impl.conn.DefaultHttpClientConnectionOperator.connect(DefaultHttpClientConnectionOperator.java:142)
	... 149 common frames omitted
2025-06-19 05:58:10,274+0000 WARN  [qtp1029790510-317]  *UNKNOWN org.sonatype.nexus.siesta.internal.UnexpectedExceptionMapper - (ID 760fb5d8-c6ac-4cb4-be11-69ef33a7feeb) Response: [500] 'ERROR: (ID 760fb5d8-c6ac-4cb4-be11-69ef33a7feeb) org.apache.http.conn.HttpHostConnectException: Connect to clm.sonatype.com:443 [clm.sonatype.com/3.164.53.3, clm.sonatype.com/3.164.53.126, clm.sonatype.com/3.164.53.92, clm.sonatype.com/3.164.53.96] failed: Connection refused'; mapped from: org.apache.http.conn.HttpHostConnectException: Connect to clm.sonatype.com:443 [clm.sonatype.com/3.164.53.3, clm.sonatype.com/3.164.53.126, clm.sonatype.com/3.164.53.92, clm.sonatype.com/3.164.53.96] failed: Connection refused
2025-06-19 05:58:28,055+0000 INFO  [qtp1029790510-292]  *UNKNOWN org.apache.http.impl.execchain.RetryExec - I/O exception (org.apache.http.NoHttpResponseException) caught when processing request to {s}->https://clm.sonatype.com:443: The target server failed to respond
2025-06-19 05:58:28,060+0000 INFO  [qtp1029790510-292]  *UNKNOWN org.apache.http.impl.execchain.RetryExec - Retrying request to {s}->https://clm.sonatype.com:443
2025-06-19 05:58:28,082+0000 WARN  [qtp1029790510-292]  *UNKNOWN org.sonatype.nexus.siesta.internal.UnexpectedExceptionMapper - (ID 1cd3d633-fb7d-4a22-9930-37db2a95f630) Unexpected exception: org.apache.http.conn.HttpHostConnectException: Connect to clm.sonatype.com:443 [clm.sonatype.com/3.164.53.3, clm.sonatype.com/3.164.53.126, clm.sonatype.com/3.164.53.92, clm.sonatype.com/3.164.53.96] failed: Connection refused
org.apache.http.conn.HttpHostConnectException: Connect to clm.sonatype.com:443 [clm.sonatype.com/3.164.53.3, clm.sonatype.com/3.164.53.126, clm.sonatype.com/3.164.53.92, clm.sonatype.com/3.164.53.96] failed: Connection refused
	at org.apache.http.impl.conn.DefaultHttpClientConnectionOperator.connect(DefaultHttpClientConnectionOperator.java:156)
	at org.apache.http.impl.conn.PoolingHttpClientConnectionManager.connect(PoolingHttpClientConnectionManager.java:376)
	at org.apache.http.impl.execchain.MainClientExec.establishRoute(MainClientExec.java:393)
	at org.apache.http.impl.execchain.MainClientExec.execute(MainClientExec.java:236)
	at org.apache.http.impl.execchain.ProtocolExec.execute(ProtocolExec.java:186)
	at org.apache.http.impl.execchain.RetryExec.execute(RetryExec.java:89)
	at org.apache.http.impl.execchain.RedirectExec.execute(RedirectExec.java:110)
	at org.apache.http.impl.client.InternalHttpClient.doExecute(InternalHttpClient.java:185)
	at org.apache.http.impl.client.CloseableHttpClient.execute(CloseableHttpClient.java:83)
	at org.apache.http.impl.client.CloseableHttpClient.execute(CloseableHttpClient.java:56)
	at com.sonatype.analytics.internal.service.UserTelemetryService.execute(UserTelemetryService.java:246)
	at com.sonatype.analytics.internal.service.UserTelemetryService.doGet(UserTelemetryService.java:225)
	at com.sonatype.analytics.internal.rest.UserTelemetryResource.proxyGet(UserTelemetryResource.java:69)
	at jdk.internal.reflect.GeneratedMethodAccessor112.invoke(Unknown Source)
	at java.base/jdk.internal.reflect.DelegatingMethodAccessorImpl.invoke(DelegatingMethodAccessorImpl.java:43)
	at java.base/java.lang.reflect.Method.invoke(Method.java:569)
	at org.jboss.resteasy.core.MethodInjectorImpl.invoke(MethodInjectorImpl.java:138)
	at org.jboss.resteasy.core.ResourceMethodInvoker.internalInvokeOnTarget(ResourceMethodInvoker.java:546)
	at org.jboss.resteasy.core.ResourceMethodInvoker.invokeOnTargetAfterFilter(ResourceMethodInvoker.java:435)
	at org.jboss.resteasy.core.ResourceMethodInvoker.lambda$invokeOnTarget$0(ResourceMethodInvoker.java:396)
	at org.jboss.resteasy.core.interception.PreMatchContainerRequestContext.filter(PreMatchContainerRequestContext.java:358)
	at org.jboss.resteasy.core.ResourceMethodInvoker.invokeOnTarget(ResourceMethodInvoker.java:398)
	at org.jboss.resteasy.core.ResourceMethodInvoker.invoke(ResourceMethodInvoker.java:365)
	at org.jboss.resteasy.core.ResourceMethodInvoker.invoke(ResourceMethodInvoker.java:338)
	at org.jboss.resteasy.core.SynchronousDispatcher.invoke(SynchronousDispatcher.java:440)
	at org.jboss.resteasy.core.SynchronousDispatcher.lambda$invoke$4(SynchronousDispatcher.java:229)
	at org.jboss.resteasy.core.SynchronousDispatcher.lambda$preprocess$0(SynchronousDispatcher.java:135)
	at org.jboss.resteasy.core.interception.PreMatchContainerRequestContext.filter(PreMatchContainerRequestContext.java:358)
	at org.jboss.resteasy.core.SynchronousDispatcher.preprocess(SynchronousDispatcher.java:138)
	at org.jboss.resteasy.core.SynchronousDispatcher.invoke(SynchronousDispatcher.java:215)
	at org.jboss.resteasy.plugins.server.servlet.ServletContainerDispatcher.service(ServletContainerDispatcher.java:245)
	at org.jboss.resteasy.plugins.server.servlet.HttpServletDispatcher.service(HttpServletDispatcher.java:61)
	at org.jboss.resteasy.plugins.server.servlet.HttpServletDispatcher.service(HttpServletDispatcher.java:56)
	at org.sonatype.nexus.siesta.internal.resteasy.ComponentContainerImpl.service(ComponentContainerImpl.java:120)
	at org.sonatype.nexus.siesta.SiestaServlet.service(SiestaServlet.java:137)
	at javax.servlet.http.HttpServlet.service(HttpServlet.java:750)
	at com.google.inject.servlet.ServletDefinition.doServiceImpl(ServletDefinition.java:293)
	at com.google.inject.servlet.ServletDefinition.doService(ServletDefinition.java:283)
	at com.google.inject.servlet.ServletDefinition.service(ServletDefinition.java:184)
	at com.google.inject.servlet.DynamicServletPipeline.service(DynamicServletPipeline.java:71)
	at com.google.inject.servlet.FilterChainInvocation.doFilter(FilterChainInvocation.java:85)
	at org.apache.shiro.web.servlet.ProxiedFilterChain.doFilter(ProxiedFilterChain.java:61)
	at org.apache.shiro.web.servlet.AdviceFilter.executeChain(AdviceFilter.java:108)
	at org.apache.shiro.web.servlet.AdviceFilter.doFilterInternal(AdviceFilter.java:137)
	at org.apache.shiro.web.servlet.OncePerRequestFilter.doFilter(OncePerRequestFilter.java:154)
	at org.apache.shiro.web.servlet.ProxiedFilterChain.doFilter(ProxiedFilterChain.java:66)
	at org.apache.shiro.web.servlet.AdviceFilter.executeChain(AdviceFilter.java:108)
	at org.apache.shiro.web.servlet.AdviceFilter.doFilterInternal(AdviceFilter.java:137)
	at org.apache.shiro.web.servlet.OncePerRequestFilter.doFilter(OncePerRequestFilter.java:154)
	at org.apache.shiro.web.servlet.ProxiedFilterChain.doFilter(ProxiedFilterChain.java:66)
	at org.apache.shiro.web.servlet.AdviceFilter.executeChain(AdviceFilter.java:108)
	at org.apache.shiro.web.servlet.AdviceFilter.doFilterInternal(AdviceFilter.java:137)
	at org.apache.shiro.web.servlet.OncePerRequestFilter.doFilter(OncePerRequestFilter.java:154)
	at org.apache.shiro.web.servlet.ProxiedFilterChain.doFilter(ProxiedFilterChain.java:66)
	at org.apache.shiro.web.servlet.AbstractShiroFilter.executeChain(AbstractShiroFilter.java:458)
	at org.sonatype.nexus.security.SecurityFilter.executeChain(SecurityFilter.java:96)
	at org.apache.shiro.web.servlet.AbstractShiroFilter$1.call(AbstractShiroFilter.java:373)
	at org.apache.shiro.subject.support.SubjectCallable.doCall(SubjectCallable.java:90)
	at org.apache.shiro.subject.support.SubjectCallable.call(SubjectCallable.java:83)
	at org.apache.shiro.subject.support.DelegatingSubject.execute(DelegatingSubject.java:387)
	at org.apache.shiro.web.servlet.AbstractShiroFilter.doFilterInternal(AbstractShiroFilter.java:370)
	at org.sonatype.nexus.security.SecurityFilter.doFilterInternal(SecurityFilter.java:112)
	at org.apache.shiro.web.servlet.OncePerRequestFilter.doFilter(OncePerRequestFilter.java:154)
	at com.google.inject.servlet.FilterChainInvocation.doFilter(FilterChainInvocation.java:82)
	at com.sonatype.analytics.internal.filter.ResponseSizeInterceptor.executeChain(ResponseSizeInterceptor.java:53)
	at org.apache.shiro.web.servlet.AdviceFilter.doFilterInternal(AdviceFilter.java:137)
	at org.apache.shiro.web.servlet.OncePerRequestFilter.doFilter(OncePerRequestFilter.java:154)
	at com.google.inject.servlet.FilterChainInvocation.doFilter(FilterChainInvocation.java:82)
	at org.apache.shiro.web.servlet.AdviceFilter.executeChain(AdviceFilter.java:108)
	at org.apache.shiro.web.servlet.AdviceFilter.doFilterInternal(AdviceFilter.java:137)
	at org.apache.shiro.web.servlet.OncePerRequestFilter.doFilter(OncePerRequestFilter.java:154)
	at com.google.inject.servlet.FilterChainInvocation.doFilter(FilterChainInvocation.java:82)
	at org.apache.shiro.web.servlet.ProxiedFilterChain.doFilter(ProxiedFilterChain.java:61)
	at org.apache.shiro.web.servlet.AdviceFilter.executeChain(AdviceFilter.java:108)
	at org.apache.shiro.web.servlet.AdviceFilter.doFilterInternal(AdviceFilter.java:137)
	at org.apache.shiro.web.servlet.OncePerRequestFilter.doFilter(OncePerRequestFilter.java:154)
	at org.apache.shiro.web.servlet.ProxiedFilterChain.doFilter(ProxiedFilterChain.java:66)
	at org.apache.shiro.web.servlet.AdviceFilter.executeChain(AdviceFilter.java:108)
	at org.apache.shiro.web.servlet.AdviceFilter.doFilterInternal(AdviceFilter.java:137)
	at org.apache.shiro.web.servlet.OncePerRequestFilter.doFilter(OncePerRequestFilter.java:154)
	at org.apache.shiro.web.servlet.ProxiedFilterChain.doFilter(ProxiedFilterChain.java:66)
	at org.apache.shiro.web.servlet.AdviceFilter.executeChain(AdviceFilter.java:108)
	at org.apache.shiro.web.servlet.AdviceFilter.doFilterInternal(AdviceFilter.java:137)
	at org.apache.shiro.web.servlet.OncePerRequestFilter.doFilter(OncePerRequestFilter.java:154)
	at org.apache.shiro.web.servlet.ProxiedFilterChain.doFilter(ProxiedFilterChain.java:66)
	at org.apache.shiro.web.servlet.AbstractShiroFilter.executeChain(AbstractShiroFilter.java:458)
	at org.sonatype.nexus.security.SecurityFilter.executeChain(SecurityFilter.java:96)
	at org.apache.shiro.web.servlet.AbstractShiroFilter$1.call(AbstractShiroFilter.java:373)
	at org.apache.shiro.subject.support.SubjectCallable.doCall(SubjectCallable.java:90)
	at org.apache.shiro.subject.support.SubjectCallable.call(SubjectCallable.java:83)
	at org.apache.shiro.subject.support.DelegatingSubject.execute(DelegatingSubject.java:387)
	at org.apache.shiro.web.servlet.AbstractShiroFilter.doFilterInternal(AbstractShiroFilter.java:370)
	at org.sonatype.nexus.security.SecurityFilter.doFilterInternal(SecurityFilter.java:112)
	at org.apache.shiro.web.servlet.OncePerRequestFilter.doFilter(OncePerRequestFilter.java:154)
	at com.google.inject.servlet.FilterChainInvocation.doFilter(FilterChainInvocation.java:82)
	at com.sonatype.nexus.licensing.internal.LicensingRedirectFilter.doFilter(LicensingRedirectFilter.java:116)
	at com.google.inject.servlet.FilterChainInvocation.doFilter(FilterChainInvocation.java:82)
	at com.codahale.metrics.servlet.AbstractInstrumentedFilter.doFilter(AbstractInstrumentedFilter.java:112)
	at com.google.inject.servlet.FilterChainInvocation.doFilter(FilterChainInvocation.java:82)
	at org.sonatype.nexus.internal.web.ErrorPageFilter.doFilter(ErrorPageFilter.java:81)
	at com.google.inject.servlet.FilterChainInvocation.doFilter(FilterChainInvocation.java:82)
	at org.sonatype.nexus.internal.web.EnvironmentFilter.doFilter(EnvironmentFilter.java:114)
	at com.google.inject.servlet.FilterChainInvocation.doFilter(FilterChainInvocation.java:82)
	at org.sonatype.nexus.internal.web.HeaderPatternFilter.doFilter(HeaderPatternFilter.java:100)
	at com.google.inject.servlet.FilterChainInvocation.doFilter(FilterChainInvocation.java:82)
	at com.google.inject.servlet.DynamicFilterPipeline.dispatch(DynamicFilterPipeline.java:106)
	at com.google.inject.servlet.GuiceFilter.doFilter(GuiceFilter.java:133)
	at org.sonatype.nexus.bootstrap.application.DelegatingFilter.doFilter(DelegatingFilter.java:71)
	at org.eclipse.jetty.ee8.servlet.FilterHolder.doFilter(FilterHolder.java:177)
	at org.eclipse.jetty.ee8.servlet.ServletHandler$Chain.doFilter(ServletHandler.java:1348)
	at org.eclipse.jetty.ee8.servlet.ServletHandler.doHandle(ServletHandler.java:454)
	at org.eclipse.jetty.ee8.nested.ScopedHandler.handle(ScopedHandler.java:119)
	at org.eclipse.jetty.ee8.security.SecurityHandler.handle(SecurityHandler.java:497)
	at org.eclipse.jetty.ee8.nested.HandlerWrapper.handle(HandlerWrapper.java:108)
	at org.eclipse.jetty.ee8.nested.ScopedHandler.nextHandle(ScopedHandler.java:183)
	at org.eclipse.jetty.ee8.nested.SessionHandler.doHandle(SessionHandler.java:519)
	at org.eclipse.jetty.ee8.nested.ScopedHandler.nextHandle(ScopedHandler.java:181)
	at org.eclipse.jetty.ee8.nested.ContextHandler.doHandle(ContextHandler.java:885)
	at org.eclipse.jetty.ee8.nested.ScopedHandler.nextScope(ScopedHandler.java:152)
	at org.eclipse.jetty.ee8.servlet.ServletHandler.doScope(ServletHandler.java:423)
	at org.eclipse.jetty.ee8.nested.ScopedHandler.nextScope(ScopedHandler.java:150)
	at org.eclipse.jetty.ee8.nested.SessionHandler.doScope(SessionHandler.java:503)
	at org.eclipse.jetty.ee8.nested.ScopedHandler.nextScope(ScopedHandler.java:150)
	at org.eclipse.jetty.ee8.nested.ContextHandler.doScope(ContextHandler.java:830)
	at org.eclipse.jetty.ee8.nested.ScopedHandler.handle(ScopedHandler.java:117)
	at org.eclipse.jetty.ee8.nested.ContextHandler.handle(ContextHandler.java:1443)
	at org.eclipse.jetty.ee8.nested.HttpChannel$RequestDispatchable.dispatch(HttpChannel.java:1289)
	at org.eclipse.jetty.ee8.nested.HttpChannel.dispatch(HttpChannel.java:616)
	at org.eclipse.jetty.ee8.nested.HttpChannel.handle(HttpChannel.java:459)
	at org.eclipse.jetty.ee8.nested.ContextHandler$CoreContextHandler$CoreToNestedHandler.handle(ContextHandler.java:2450)
	at org.eclipse.jetty.server.handler.ContextHandler.handle(ContextHandler.java:1064)
	at org.eclipse.jetty.server.Handler$Wrapper.handle(Handler.java:740)
	at io.dropwizard.metrics.jetty12.AbstractInstrumentedHandler.handle(AbstractInstrumentedHandler.java:299)
	at org.sonatype.nexus.repository.docker.internal.DockerRequestHandler.handle(DockerRequestHandler.java:91)
	at org.eclipse.jetty.server.handler.ContextHandlerCollection.handle(ContextHandlerCollection.java:151)
	at org.eclipse.jetty.server.Server.handle(Server.java:182)
	at org.eclipse.jetty.server.internal.HttpChannelState$HandlerInvoker.run(HttpChannelState.java:662)
	at org.eclipse.jetty.server.internal.HttpConnection.onFillable(HttpConnection.java:416)
	at org.eclipse.jetty.io.AbstractConnection$ReadCallback.succeeded(AbstractConnection.java:322)
	at org.eclipse.jetty.io.FillInterest.fillable(FillInterest.java:99)
	at org.eclipse.jetty.io.SelectableChannelEndPoint$1.run(SelectableChannelEndPoint.java:53)
	at org.eclipse.jetty.util.thread.strategy.AdaptiveExecutionStrategy.runTask(AdaptiveExecutionStrategy.java:480)
	at org.eclipse.jetty.util.thread.strategy.AdaptiveExecutionStrategy.consumeTask(AdaptiveExecutionStrategy.java:443)
	at org.eclipse.jetty.util.thread.strategy.AdaptiveExecutionStrategy.tryProduce(AdaptiveExecutionStrategy.java:293)
	at org.eclipse.jetty.util.thread.strategy.AdaptiveExecutionStrategy.run(AdaptiveExecutionStrategy.java:201)
	at org.eclipse.jetty.util.thread.ReservedThreadExecutor$ReservedThread.run(ReservedThreadExecutor.java:311)
	at org.eclipse.jetty.util.thread.QueuedThreadPool.runJob(QueuedThreadPool.java:979)
	at org.eclipse.jetty.util.thread.QueuedThreadPool$Runner.doRunJob(QueuedThreadPool.java:1209)
	at org.eclipse.jetty.util.thread.QueuedThreadPool$Runner.run(QueuedThreadPool.java:1164)
	at java.base/java.lang.Thread.run(Thread.java:840)
Caused by: java.net.ConnectException: Connection refused
	at java.base/sun.nio.ch.Net.pollConnect(Native Method)
	at java.base/sun.nio.ch.Net.pollConnectNow(Net.java:672)
	at java.base/sun.nio.ch.NioSocketImpl.timedFinishConnect(NioSocketImpl.java:554)
	at java.base/sun.nio.ch.NioSocketImpl.connect(NioSocketImpl.java:602)
	at java.base/java.net.SocksSocketImpl.connect(SocksSocketImpl.java:327)
	at java.base/java.net.Socket.connect(Socket.java:633)
	at org.apache.http.conn.ssl.SSLConnectionSocketFactory.connectSocket(SSLConnectionSocketFactory.java:368)
	at org.sonatype.nexus.internal.httpclient.NexusSSLConnectionSocketFactory.connectSocket(NexusSSLConnectionSocketFactory.java:89)
	at org.apache.http.impl.conn.DefaultHttpClientConnectionOperator.connect(DefaultHttpClientConnectionOperator.java:142)
	... 149 common frames omitted
2025-06-19 05:58:28,091+0000 WARN  [qtp1029790510-292]  *UNKNOWN org.sonatype.nexus.siesta.internal.UnexpectedExceptionMapper - (ID 1cd3d633-fb7d-4a22-9930-37db2a95f630) Response: [500] 'ERROR: (ID 1cd3d633-fb7d-4a22-9930-37db2a95f630) org.apache.http.conn.HttpHostConnectException: Connect to clm.sonatype.com:443 [clm.sonatype.com/3.164.53.3, clm.sonatype.com/3.164.53.126, clm.sonatype.com/3.164.53.92, clm.sonatype.com/3.164.53.96] failed: Connection refused'; mapped from: org.apache.http.conn.HttpHostConnectException: Connect to clm.sonatype.com:443 [clm.sonatype.com/3.164.53.3, clm.sonatype.com/3.164.53.126, clm.sonatype.com/3.164.53.92, clm.sonatype.com/3.164.53.96] failed: Connection refused
2025-06-19 05:58:57,071+0000 INFO  [quartz-8-thread-18]  *TASK org.sonatype.nexus.quartz.internal.task.QuartzTaskInfo - Task 'Cleanup unused maven2 blobs from nexus' [assetBlob.cleanup] state change WAITING -> RUNNING
2025-06-19 05:58:57,075+0000 INFO  [quartz-8-thread-16]  *TASK org.sonatype.nexus.quartz.internal.task.QuartzTaskInfo - Task 'Cleanup unused nuget blobs from nexus' [assetBlob.cleanup] state change WAITING -> RUNNING
2025-06-19 05:58:57,084+0000 INFO  [quartz-8-thread-17]  *TASK org.sonatype.nexus.quartz.internal.task.QuartzTaskInfo - Task 'Metric aggregation' [content.usage.aggregation] state change WAITING -> RUNNING
2025-06-19 05:58:57,090+0000 INFO  [quartz-8-thread-19]  *TASK org.sonatype.nexus.quartz.internal.task.QuartzTaskInfo - Task 'Task log cleanup' [tasklog.cleanup] state change WAITING -> RUNNING
2025-06-19 05:58:57,098+0000 INFO  [quartz-8-thread-20]  *TASK org.sonatype.nexus.quartz.internal.task.QuartzTaskInfo - Task 'Cleanup service' [repository.cleanup] state change WAITING -> RUNNING
2025-06-19 05:58:57,107+0000 INFO  [quartz-8-thread-18]  *TASK org.sonatype.nexus.quartz.internal.task.QuartzTaskInfo - Task 'Cleanup unused maven2 blobs from nexus' [assetBlob.cleanup] state change RUNNING -> WAITING (OK)
2025-06-19 05:58:57,111+0000 INFO  [quartz-8-thread-19]  *TASK org.sonatype.nexus.tasklog.TaskLogCleanup - Cleaning up log files in /opt/sonatype/sonatype-work/nexus3/log/tasks older than 30 days
2025-06-19 05:58:57,116+0000 INFO  [quartz-8-thread-16]  *TASK org.sonatype.nexus.quartz.internal.task.QuartzTaskInfo - Task 'Cleanup unused nuget blobs from nexus' [assetBlob.cleanup] state change RUNNING -> WAITING (OK)
2025-06-19 05:58:57,166+0000 INFO  [quartz-8-thread-20]  *TASK org.sonatype.nexus.cleanup.internal.task.CleanupTask - Task log: /opt/sonatype/sonatype-work/nexus3/log/tasks/repository.cleanup-20250619055857108.log
2025-06-19 05:58:57,173+0000 INFO  [quartz-8-thread-20]  *TASK org.sonatype.nexus.quartz.internal.task.QuartzTaskInfo - Task 'Cleanup service' [repository.cleanup] state change RUNNING -> WAITING (OK)
2025-06-19 05:58:57,203+0000 INFO  [quartz-8-thread-17]  *TASK org.sonatype.nexus.quartz.internal.task.QuartzTaskInfo - Task 'Metric aggregation' [content.usage.aggregation] state change RUNNING -> WAITING (OK)
2025-06-19 05:58:57,225+0000 INFO  [quartz-8-thread-19]  *TASK org.sonatype.nexus.quartz.internal.task.QuartzTaskInfo - Task 'Task log cleanup' [tasklog.cleanup] state change RUNNING -> WAITING (OK)
2025-06-19 06:00:00,021+0000 INFO  [quartz-8-thread-19]  *TASK org.sonatype.nexus.quartz.internal.task.QuartzTaskInfo - Task 'Cleanup unused maven2 blobs from nexus' [assetBlob.cleanup] state change WAITING -> RUNNING
2025-06-19 06:00:00,032+0000 INFO  [quartz-8-thread-17]  *TASK org.sonatype.nexus.quartz.internal.task.QuartzTaskInfo - Task 'Cleanup unused nuget blobs from nexus' [assetBlob.cleanup] state change WAITING -> RUNNING
2025-06-19 06:00:00,033+0000 INFO  [quartz-8-thread-19]  *TASK org.sonatype.nexus.quartz.internal.task.QuartzTaskInfo - Task 'Cleanup unused maven2 blobs from nexus' [assetBlob.cleanup] state change RUNNING -> WAITING (OK)
2025-06-19 06:00:00,038+0000 INFO  [quartz-8-thread-17]  *TASK org.sonatype.nexus.quartz.internal.task.QuartzTaskInfo - Task 'Cleanup unused nuget blobs from nexus' [assetBlob.cleanup] state change RUNNING -> WAITING (OK)
2025-06-19 06:01:00,023+0000 INFO  [quartz-8-thread-17]  *TASK org.sonatype.nexus.quartz.internal.task.QuartzTaskInfo - Task 'Metric aggregation' [content.usage.aggregation] state change WAITING -> RUNNING
2025-06-19 06:01:00,057+0000 INFO  [quartz-8-thread-17]  *TASK org.sonatype.nexus.quartz.internal.task.QuartzTaskInfo - Task 'Metric aggregation' [content.usage.aggregation] state change RUNNING -> WAITING (OK)
2025-06-19 06:16:32,455+0000 INFO  [SessionValidationThread-1]  *SYSTEM org.apache.shiro.session.mgt.AbstractValidatingSessionManager - Validating all active sessions...
2025-06-19 06:16:32,459+0000 INFO  [SessionValidationThread-1]  *SYSTEM org.apache.shiro.session.mgt.AbstractValidatingSessionManager - Finished session validation.  No sessions were stopped.
