2025-06-12 19:58:13,650+0000 INFO  [quartz-8-thread-6]  *TASK org.sonatype.nexus.repository.content.tasks.normalize.NormalizeComponentVersionTask - Task information:
2025-06-12 19:58:13,659+0000 INFO  [quartz-8-thread-6]  *TASK org.sonatype.nexus.repository.content.tasks.normalize.NormalizeComponentVersionTask -  ID: 47d0a211-4e4c-4847-aecc-b67577bb9121
2025-06-12 19:58:13,659+0000 INFO  [quartz-8-thread-6]  *TASK org.sonatype.nexus.repository.content.tasks.normalize.NormalizeComponentVersionTask -  Type: component.normalize.version
2025-06-12 19:58:13,660+0000 INFO  [quartz-8-thread-6]  *TASK org.sonatype.nexus.repository.content.tasks.normalize.NormalizeComponentVersionTask -  Name: Repair - Normalize component versions for retain-n
2025-06-12 19:58:13,661+0000 INFO  [quartz-8-thread-6]  *TASK org.sonatype.nexus.repository.content.tasks.normalize.NormalizeComponentVersionTask -  Description: populate normalized_version column on {format}_component tables
2025-06-12 19:58:13,661+0000 INFO  [quartz-8-thread-6]  *TASK org.sonatype.nexus.repository.content.tasks.normalize.NormalizeComponentVersionTask - Task configuration: {.updated=2025-06-12T19:58:13.609Z, .name=Repair - Normalize component versions for retain-n, .recoverable=false, .message=populate normalized_version column on {format}_component tables, .id=47d0a211-4e4c-4847-aecc-b67577bb9121, .typeName=Repair - Normalize component versions for retain-n, .visible=false, .typeId=component.normalize.version, .exposed=false, .created=2025-06-12T19:58:13.609Z}
2025-06-12 19:58:13,668+0000 INFO  [quartz-8-thread-6]  *TASK org.sonatype.nexus.repository.content.tasks.normalize.NormalizeComponentVersionTask - normalizing cocoapods components version
2025-06-12 19:58:13,679+0000 INFO  [quartz-8-thread-6]  *TASK org.sonatype.nexus.repository.content.tasks.normalize.NormalizeComponentVersionTask - found 0 unnormalized records on cocoapods components
2025-06-12 19:58:13,690+0000 INFO  [quartz-8-thread-6]  *TASK org.sonatype.nexus.repository.content.tasks.normalize.NormalizeComponentVersionTask - normalizing p2 components version
2025-06-12 19:58:13,694+0000 INFO  [quartz-8-thread-6]  *TASK org.sonatype.nexus.repository.content.tasks.normalize.NormalizeComponentVersionTask - found 0 unnormalized records on p2 components
2025-06-12 19:58:13,696+0000 INFO  [quartz-8-thread-6]  *TASK org.sonatype.nexus.repository.content.tasks.normalize.NormalizeComponentVersionTask - normalizing apt components version
2025-06-12 19:58:13,702+0000 INFO  [quartz-8-thread-6]  *TASK org.sonatype.nexus.repository.content.tasks.normalize.NormalizeComponentVersionTask - found 0 unnormalized records on apt components
2025-06-12 19:58:13,704+0000 INFO  [quartz-8-thread-6]  *TASK org.sonatype.nexus.repository.content.tasks.normalize.NormalizeComponentVersionTask - normalizing composer components version
2025-06-12 19:58:13,708+0000 INFO  [quartz-8-thread-6]  *TASK org.sonatype.nexus.repository.content.tasks.normalize.NormalizeComponentVersionTask - found 0 unnormalized records on composer components
2025-06-12 19:58:13,710+0000 INFO  [quartz-8-thread-6]  *TASK org.sonatype.nexus.repository.content.tasks.normalize.NormalizeComponentVersionTask - normalizing gitlfs components version
2025-06-12 19:58:13,716+0000 INFO  [quartz-8-thread-6]  *TASK org.sonatype.nexus.repository.content.tasks.normalize.NormalizeComponentVersionTask - found 0 unnormalized records on gitlfs components
2025-06-12 19:58:13,719+0000 INFO  [quartz-8-thread-6]  *TASK org.sonatype.nexus.repository.content.tasks.normalize.NormalizeComponentVersionTask - normalizing conan components version
2025-06-12 19:58:13,723+0000 INFO  [quartz-8-thread-6]  *TASK org.sonatype.nexus.repository.content.tasks.normalize.NormalizeComponentVersionTask - found 0 unnormalized records on conan components
2025-06-12 19:58:13,725+0000 INFO  [quartz-8-thread-6]  *TASK org.sonatype.nexus.repository.content.tasks.normalize.NormalizeComponentVersionTask - normalizing go components version
2025-06-12 19:58:13,729+0000 INFO  [quartz-8-thread-6]  *TASK org.sonatype.nexus.repository.content.tasks.normalize.NormalizeComponentVersionTask - found 0 unnormalized records on go components
2025-06-12 19:58:13,732+0000 INFO  [quartz-8-thread-6]  *TASK org.sonatype.nexus.repository.content.tasks.normalize.NormalizeComponentVersionTask - normalizing maven2 components version
2025-06-12 19:58:13,738+0000 INFO  [quartz-8-thread-6]  *TASK org.sonatype.nexus.repository.content.tasks.normalize.NormalizeComponentVersionTask - found 0 unnormalized records on maven2 components
2025-06-12 19:58:13,739+0000 INFO  [quartz-8-thread-6]  *TASK org.sonatype.nexus.repository.content.tasks.normalize.NormalizeComponentVersionTask - normalizing raw components version
2025-06-12 19:58:13,742+0000 INFO  [quartz-8-thread-6]  *TASK org.sonatype.nexus.repository.content.tasks.normalize.NormalizeComponentVersionTask - found 0 unnormalized records on raw components
2025-06-12 19:58:13,744+0000 INFO  [quartz-8-thread-6]  *TASK org.sonatype.nexus.repository.content.tasks.normalize.NormalizeComponentVersionTask - normalizing npm components version
2025-06-12 19:58:13,747+0000 INFO  [quartz-8-thread-6]  *TASK org.sonatype.nexus.repository.content.tasks.normalize.NormalizeComponentVersionTask - found 0 unnormalized records on npm components
2025-06-12 19:58:13,750+0000 INFO  [quartz-8-thread-6]  *TASK org.sonatype.nexus.repository.content.tasks.normalize.NormalizeComponentVersionTask - normalizing huggingface components version
2025-06-12 19:58:13,753+0000 INFO  [quartz-8-thread-6]  *TASK org.sonatype.nexus.repository.content.tasks.normalize.NormalizeComponentVersionTask - found 0 unnormalized records on huggingface components
2025-06-12 19:58:13,755+0000 INFO  [quartz-8-thread-6]  *TASK org.sonatype.nexus.repository.content.tasks.normalize.NormalizeComponentVersionTask - normalizing nuget components version
2025-06-12 19:58:13,759+0000 INFO  [quartz-8-thread-6]  *TASK org.sonatype.nexus.repository.content.tasks.normalize.NormalizeComponentVersionTask - found 0 unnormalized records on nuget components
2025-06-12 19:58:13,760+0000 INFO  [quartz-8-thread-6]  *TASK org.sonatype.nexus.repository.content.tasks.normalize.NormalizeComponentVersionTask - normalizing rubygems components version
2025-06-12 19:58:13,764+0000 INFO  [quartz-8-thread-6]  *TASK org.sonatype.nexus.repository.content.tasks.normalize.NormalizeComponentVersionTask - found 0 unnormalized records on rubygems components
2025-06-12 19:58:13,767+0000 INFO  [quartz-8-thread-6]  *TASK org.sonatype.nexus.repository.content.tasks.normalize.NormalizeComponentVersionTask - normalizing helm components version
2025-06-12 19:58:13,771+0000 INFO  [quartz-8-thread-6]  *TASK org.sonatype.nexus.repository.content.tasks.normalize.NormalizeComponentVersionTask - found 0 unnormalized records on helm components
2025-06-12 19:58:13,774+0000 INFO  [quartz-8-thread-6]  *TASK org.sonatype.nexus.repository.content.tasks.normalize.NormalizeComponentVersionTask - normalizing docker components version
2025-06-12 19:58:13,777+0000 INFO  [quartz-8-thread-6]  *TASK org.sonatype.nexus.repository.content.tasks.normalize.NormalizeComponentVersionTask - found 0 unnormalized records on docker components
2025-06-12 19:58:13,778+0000 INFO  [quartz-8-thread-6]  *TASK org.sonatype.nexus.repository.content.tasks.normalize.NormalizeComponentVersionTask - normalizing yum components version
2025-06-12 19:58:13,784+0000 INFO  [quartz-8-thread-6]  *TASK org.sonatype.nexus.repository.content.tasks.normalize.NormalizeComponentVersionTask - found 0 unnormalized records on yum components
2025-06-12 19:58:13,786+0000 INFO  [quartz-8-thread-6]  *TASK org.sonatype.nexus.repository.content.tasks.normalize.NormalizeComponentVersionTask - normalizing r components version
2025-06-12 19:58:13,790+0000 INFO  [quartz-8-thread-6]  *TASK org.sonatype.nexus.repository.content.tasks.normalize.NormalizeComponentVersionTask - found 0 unnormalized records on r components
2025-06-12 19:58:13,792+0000 INFO  [quartz-8-thread-6]  *TASK org.sonatype.nexus.repository.content.tasks.normalize.NormalizeComponentVersionTask - normalizing pypi components version
2025-06-12 19:58:13,796+0000 INFO  [quartz-8-thread-6]  *TASK org.sonatype.nexus.repository.content.tasks.normalize.NormalizeComponentVersionTask - found 0 unnormalized records on pypi components
2025-06-12 19:58:13,798+0000 INFO  [quartz-8-thread-6]  *TASK org.sonatype.nexus.repository.content.tasks.normalize.NormalizeComponentVersionTask - normalizing conda components version
2025-06-12 19:58:13,802+0000 INFO  [quartz-8-thread-6]  *TASK org.sonatype.nexus.repository.content.tasks.normalize.NormalizeComponentVersionTask - found 0 unnormalized records on conda components
2025-06-12 19:58:13,804+0000 INFO  [quartz-8-thread-6]  *TASK org.sonatype.nexus.repository.content.tasks.normalize.NormalizeComponentVersionTask - normalizing cargo components version
2025-06-12 19:58:13,807+0000 INFO  [quartz-8-thread-6]  *TASK org.sonatype.nexus.repository.content.tasks.normalize.NormalizeComponentVersionTask - found 0 unnormalized records on cargo components
2025-06-12 19:58:13,809+0000 INFO  [quartz-8-thread-6]  *TASK org.sonatype.nexus.repository.content.tasks.normalize.NormalizeComponentVersionTask - Task complete
