2025-06-12 19:58:13,444+0000 INFO  [quartz-8-thread-4]  *TASK org.sonatype.nexus.repository.content.tasks.CreateComponentIndexTask - Task information:
2025-06-12 19:58:13,459+0000 INFO  [quartz-8-thread-4]  *TASK org.sonatype.nexus.repository.content.tasks.CreateComponentIndexTask -  ID: 00ee4e15-6a2c-4e43-a195-266dbb5259c2
2025-06-12 19:58:13,460+0000 INFO  [quartz-8-thread-4]  *TASK org.sonatype.nexus.repository.content.tasks.CreateComponentIndexTask -  Type: create.component.index.task
2025-06-12 19:58:13,461+0000 INFO  [quartz-8-thread-4]  *TASK org.sonatype.nexus.repository.content.tasks.CreateComponentIndexTask -  Name: Repair - Recreate component indexes for performance
2025-06-12 19:58:13,462+0000 INFO  [quartz-8-thread-4]  *TASK org.sonatype.nexus.repository.content.tasks.CreateComponentIndexTask -  Description: Create new indexes for querying the various format component tables by full coordinates
2025-06-12 19:58:13,463+0000 INFO  [quartz-8-thread-4]  *TASK org.sonatype.nexus.repository.content.tasks.CreateComponentIndexTask - Task configuration: {.updated=2025-06-12T19:58:13.392Z, .name=Repair - Recreate component indexes for performance, .recoverable=false, .message=Create new indexes for querying the various format component tables by full coordinates, .id=00ee4e15-6a2c-4e43-a195-266dbb5259c2, .typeName=Repair - Recreate component indexes for performance, .visible=false, .typeId=create.component.index.task, .exposed=false, .created=2025-06-12T19:58:13.392Z}
2025-06-12 19:58:13,472+0000 INFO  [quartz-8-thread-4]  *TASK org.sonatype.nexus.repository.content.tasks.CreateComponentIndexService - Recreating component coordinate index for format: apt.  0% done
2025-06-12 19:58:13,474+0000 INFO  [quartz-8-thread-4]  *TASK org.sonatype.nexus.repository.content.tasks.CreateComponentIndexService - Recreating component coordinate index for format: maven2.  5% done
2025-06-12 19:58:13,483+0000 INFO  [quartz-8-thread-4]  *TASK org.sonatype.nexus.repository.content.tasks.CreateComponentIndexService - Recreating component coordinate index for format: raw.  10% done
2025-06-12 19:58:13,485+0000 INFO  [quartz-8-thread-4]  *TASK org.sonatype.nexus.repository.content.tasks.CreateComponentIndexService - Recreating component coordinate index for format: cargo.  15% done
2025-06-12 19:58:13,486+0000 INFO  [quartz-8-thread-4]  *TASK org.sonatype.nexus.repository.content.tasks.CreateComponentIndexService - Recreating component coordinate index for format: cocoapods.  20% done
2025-06-12 19:58:13,488+0000 INFO  [quartz-8-thread-4]  *TASK org.sonatype.nexus.repository.content.tasks.CreateComponentIndexService - Recreating component coordinate index for format: composer.  25% done
2025-06-12 19:58:13,489+0000 INFO  [quartz-8-thread-4]  *TASK org.sonatype.nexus.repository.content.tasks.CreateComponentIndexService - Recreating component coordinate index for format: conan.  30% done
2025-06-12 19:58:13,490+0000 INFO  [quartz-8-thread-4]  *TASK org.sonatype.nexus.repository.content.tasks.CreateComponentIndexService - Recreating component coordinate index for format: conda.  35% done
2025-06-12 19:58:13,492+0000 INFO  [quartz-8-thread-4]  *TASK org.sonatype.nexus.repository.content.tasks.CreateComponentIndexService - Recreating component coordinate index for format: docker.  40% done
2025-06-12 19:58:13,493+0000 INFO  [quartz-8-thread-4]  *TASK org.sonatype.nexus.repository.content.tasks.CreateComponentIndexService - Recreating component coordinate index for format: gitlfs.  45% done
2025-06-12 19:58:13,497+0000 INFO  [quartz-8-thread-4]  *TASK org.sonatype.nexus.repository.content.tasks.CreateComponentIndexService - Recreating component coordinate index for format: go.  50% done
2025-06-12 19:58:13,498+0000 INFO  [quartz-8-thread-4]  *TASK org.sonatype.nexus.repository.content.tasks.CreateComponentIndexService - Recreating component coordinate index for format: helm.  55% done
2025-06-12 19:58:13,501+0000 INFO  [quartz-8-thread-4]  *TASK org.sonatype.nexus.repository.content.tasks.CreateComponentIndexService - Recreating component coordinate index for format: huggingface.  60% done
2025-06-12 19:58:13,504+0000 INFO  [quartz-8-thread-4]  *TASK org.sonatype.nexus.repository.content.tasks.CreateComponentIndexService - Recreating component coordinate index for format: npm.  65% done
2025-06-12 19:58:13,505+0000 INFO  [quartz-8-thread-4]  *TASK org.sonatype.nexus.repository.content.tasks.CreateComponentIndexService - Recreating component coordinate index for format: nuget.  70% done
2025-06-12 19:58:13,507+0000 INFO  [quartz-8-thread-4]  *TASK org.sonatype.nexus.repository.content.tasks.CreateComponentIndexService - Recreating component coordinate index for format: p2.  75% done
2025-06-12 19:58:13,508+0000 INFO  [quartz-8-thread-4]  *TASK org.sonatype.nexus.repository.content.tasks.CreateComponentIndexService - Recreating component coordinate index for format: pypi.  80% done
2025-06-12 19:58:13,510+0000 INFO  [quartz-8-thread-4]  *TASK org.sonatype.nexus.repository.content.tasks.CreateComponentIndexService - Recreating component coordinate index for format: r.  85% done
2025-06-12 19:58:13,511+0000 INFO  [quartz-8-thread-4]  *TASK org.sonatype.nexus.repository.content.tasks.CreateComponentIndexService - Recreating component coordinate index for format: rubygems.  90% done
2025-06-12 19:58:13,512+0000 INFO  [quartz-8-thread-4]  *TASK org.sonatype.nexus.repository.content.tasks.CreateComponentIndexService - Recreating component coordinate index for format: yum.  95% done
2025-06-12 19:58:13,513+0000 INFO  [quartz-8-thread-4]  *TASK org.sonatype.nexus.repository.content.tasks.CreateComponentIndexService - Recreating component coordinate index for all formats.  100% done
2025-06-12 19:58:13,514+0000 INFO  [quartz-8-thread-4]  *TASK org.sonatype.nexus.repository.content.tasks.CreateComponentIndexTask - Task complete
