<?xml version='1.0' encoding='UTF-8'?>
<hotspot_log version='160 1' process='1' time_ms='1749758057023'>
<vm_version>
<name>
OpenJDK 64-Bit Server VM
</name>
<release>
17.0.15+6-LTS
</release>
<info>
OpenJDK 64-Bit Server VM (17.0.15+6-LTS) for linux-amd64 JRE (17.0.15+6-LTS), built on Apr 15 2025 00:00:00 by &quot;mockbuild&quot; with gcc 8.5.0 20210514 (Red Hat 8.5.0-18)
</info>
</vm_version>
<vm_arguments>
<args>
-Xms2703m -Xmx2703m -XX:MaxDirectMemorySize=2703m -XX:+UnlockDiagnosticVMOptions -XX:+LogVMOutput -XX:LogFile=/opt/sonatype/nexus/../sonatype-work/nexus3/log/jvm.log -XX:-OmitStackTraceInFastThrow --add-reads=java.xml=java.logging --add-opens=java.base/java.security=ALL-UNNAMED --add-opens=java.base/java.net=ALL-UNNAMED --add-opens=java.base/java.lang=ALL-UNNAMED --add-opens=java.base/java.util=ALL-UNNAMED --add-opens=java.naming/javax.naming.spi=ALL-UNNAMED --add-opens=java.rmi/sun.rmi.transport.tcp=ALL-UNNAMED --add-exports=java.base/sun.net.www.protocol.http=ALL-UNNAMED --add-exports=java.base/sun.net.www.protocol.https=ALL-UNNAMED --add-exports=java.base/sun.net.www.protocol.jar=ALL-UNNAMED --add-exports=jdk.xml.dom/org.w3c.dom.html=ALL-UNNAMED --add-exports=jdk.naming.rmi/com.sun.jndi.url.rmi=ALL-UNNAMED --add-exports=java.security.sasl/com.sun.security.sasl=ALL-UNNAMED --add-exports=java.base/sun.security.x509=ALL-UNNAMED --add-exports=java.base/sun.security.rsa=ALL-UNNAMED --add-exports=java.base/sun.security.pkcs=ALL-UNNAMED -Dkaraf.instances=/opt/sonatype/nexus/instances -Dkaraf.home=/opt/sonatype/nexus -Dkaraf.base=/opt/sonatype/nexus -Dkaraf.data=/opt/sonatype/nexus/../sonatype-work/nexus3 -Dkaraf.etc=/opt/sonatype/nexus/etc/karaf -Dkaraf.log=/opt/sonatype/nexus/../sonatype-work/nexus3/log -Djava.io.tmpdir=/opt/sonatype/nexus/../sonatype-work/nexus3/tmp -Djava.util.logging.config.file=/opt/sonatype/nexus/etc/java.util.logging.properties -Xms2703m -Xmx2703m -XX:MaxDirectMemorySize=2703m </args>
<command>
org.springframework.boot.loader.launch.PropertiesLauncher
</command>
<launcher>
SUN_STANDARD
</launcher>
<properties>
java.vm.specification.name=Java Virtual Machine Specification
java.vm.version=17.0.15+6-LTS
java.vm.name=OpenJDK 64-Bit Server VM
jdk.debug=release
sun.boot.library.path=/usr/lib/jvm/java-17-openjdk-17.0.15.0.6-2.el9.x86_64/lib
java.library.path=/opt/sonatype/nexus/lib:/opt/sonatype/nexus/lib:/usr/java/packages/lib:/usr/lib64:/lib64:/lib:/usr/lib
java.home=/usr/lib/jvm/java-17-openjdk-17.0.15.0.6-2.el9.x86_64
java.class.path=/opt/sonatype/nexus/bin/sonatype-nexus-repository-3.81.1-01.jar:/opt/sonatype/nexus/../sonatype-work/nexus3/etc
jdk.boot.class.path.append=
java.vm.info=mixed mode, sharing
java.vm.specification.vendor=Oracle Corporation
java.vm.specification.version=17
java.vm.vendor=Red Hat, Inc.
karaf.instances=/opt/sonatype/nexus/instances
karaf.home=/opt/sonatype/nexus
karaf.base=/opt/sonatype/nexus
karaf.data=/opt/sonatype/nexus/../sonatype-work/nexus3
karaf.etc=/opt/sonatype/nexus/etc/karaf
karaf.log=/opt/sonatype/nexus/../sonatype-work/nexus3/log
java.io.tmpdir=/opt/sonatype/nexus/../sonatype-work/nexus3/tmp
java.util.logging.config.file=/opt/sonatype/nexus/etc/java.util.logging.properties
sun.java.command=org.springframework.boot.loader.launch.PropertiesLauncher
sun.java.launcher=SUN_STANDARD
</properties>
</vm_arguments>
<tty>
<writer thread='108'/>
<blob name='MethodHandlesAdapterBlob' size='4224'>
<sect index='1' size='4224' free='3842'/>
</blob>
<dependency_failed type='leaf_type' ctxk='java/util/HashMap' witness='java/util/LinkedHashMap' stamp='0.157'/>
<dependency_failed type='leaf_type' ctxk='java/util/HashMap' witness='java/util/LinkedHashMap' stamp='0.157'/>
<dependency_failed type='leaf_type' ctxk='java/util/HashMap' witness='java/util/LinkedHashMap' stamp='0.157'/>
<dependency_failed type='leaf_type' ctxk='java/util/jar/JarFile' witness='org/springframework/boot/loader/net/protocol/jar/UrlJarFile' stamp='0.387'/>
<dependency_failed type='leaf_type' ctxk='java/util/jar/JarFile' witness='org/springframework/boot/loader/net/protocol/jar/UrlJarFile' stamp='0.387'/>
<dependency_failed type='unique_concrete_method_4' ctxk='java/util/function/IntFunction' x='java.util.zip.ZipFile$$Lambda$41/0x80000004c apply (I)Ljava/lang/Object;' x2='java/util/function/IntFunction' x3='java.util.function.IntFunction apply (I)Ljava/lang/Object;' witness='java/util/function/IntFunction' stamp='0.594'/>
<dependency_failed type='unique_concrete_method_4' ctxk='java/lang/ThreadLocal' x='java.lang.ThreadLocal getMap (Ljava/lang/Thread;)Ljava/lang/ThreadLocal$ThreadLocalMap;' x2='java/lang/ThreadLocal' x3='java.lang.ThreadLocal getMap (Ljava/lang/Thread;)Ljava/lang/ThreadLocal$ThreadLocalMap;' witness='java/lang/InheritableThreadLocal' stamp='1.563'/>
<dependency_failed type='unique_concrete_method_4' ctxk='java/util/Deque' x='java.util.ArrayDeque size ()I' x2='java/util/Deque' x3='java.util.Deque size ()I' witness='java/util/Deque' stamp='1.691'/>
<dependency_failed type='unique_concrete_method_4' ctxk='java/util/Deque' x='java.util.ArrayDeque poll ()Ljava/lang/Object;' x2='java/util/Deque' x3='java.util.Deque poll ()Ljava/lang/Object;' witness='java/util/Deque' stamp='1.691'/>
<dependency_failed type='leaf_type' ctxk='java/util/LinkedHashMap' witness='ch/qos/logback/classic/pattern/NamedConverter$NameCache' stamp='3.068'/>
<dependency_failed type='leaf_type' ctxk='java/util/LinkedHashMap' witness='ch/qos/logback/classic/pattern/NamedConverter$NameCache' stamp='3.068'/>
<dependency_failed type='leaf_type' ctxk='java/util/LinkedHashMap' witness='ch/qos/logback/classic/pattern/NamedConverter$NameCache' stamp='3.068'/>
<dependency_failed type='leaf_type' ctxk='java/util/LinkedHashMap' witness='ch/qos/logback/classic/pattern/NamedConverter$NameCache' stamp='3.068'/>
<dependency_failed type='unique_concrete_method_4' ctxk='java/util/LinkedHashMap' x='java.util.LinkedHashMap removeEldestEntry (Ljava/util/Map$Entry;)Z' x2='java/util/LinkedHashMap' x3='java.util.LinkedHashMap removeEldestEntry (Ljava/util/Map$Entry;)Z' witness='ch/qos/logback/classic/pattern/NamedConverter$NameCache' stamp='3.070'/>
<dependency_failed type='unique_concrete_method_4' ctxk='java/util/LinkedHashMap' x='java.util.LinkedHashMap removeEldestEntry (Ljava/util/Map$Entry;)Z' x2='java/util/LinkedHashMap' x3='java.util.LinkedHashMap removeEldestEntry (Ljava/util/Map$Entry;)Z' witness='ch/qos/logback/classic/pattern/NamedConverter$NameCache' stamp='3.070'/>
<dependency_failed type='unique_concrete_method_4' ctxk='java/util/LinkedHashMap' x='java.util.LinkedHashMap removeEldestEntry (Ljava/util/Map$Entry;)Z' x2='java/util/LinkedHashMap' x3='java.util.LinkedHashMap removeEldestEntry (Ljava/util/Map$Entry;)Z' witness='ch/qos/logback/classic/pattern/NamedConverter$NameCache' stamp='3.070'/>
<dependency_failed type='abstract_with_unique_concrete_subtype' ctxk='java/lang/CharacterData' x='java/lang/CharacterDataLatin1' witness='java/lang/CharacterData00' stamp='3.275'/>
<dependency_failed type='abstract_with_unique_concrete_subtype' ctxk='java/lang/CharacterData' x='java/lang/CharacterDataLatin1' witness='java/lang/CharacterData00' stamp='3.275'/>
<dependency_failed type='abstract_with_unique_concrete_subtype' ctxk='java/lang/CharacterData' x='java/lang/CharacterDataLatin1' witness='java/lang/CharacterData00' stamp='3.275'/>
<dependency_failed type='abstract_with_unique_concrete_subtype' ctxk='java/lang/CharacterData' x='java/lang/CharacterDataLatin1' witness='java/lang/CharacterData00' stamp='3.275'/>
<dependency_failed type='abstract_with_unique_concrete_subtype' ctxk='java/lang/CharacterData' x='java/lang/CharacterDataLatin1' witness='java/lang/CharacterData00' stamp='3.275'/>
<dependency_failed type='abstract_with_unique_concrete_subtype' ctxk='java/lang/CharacterData' x='java/lang/CharacterDataLatin1' witness='java/lang/CharacterData00' stamp='3.275'/>
<dependency_failed type='abstract_with_unique_concrete_subtype' ctxk='java/lang/CharacterData' x='java/lang/CharacterDataLatin1' witness='java/lang/CharacterData00' stamp='3.275'/>
<dependency_failed type='abstract_with_unique_concrete_subtype' ctxk='java/lang/CharacterData' x='java/lang/CharacterDataLatin1' witness='java/lang/CharacterData00' stamp='3.276'/>
<dependency_failed type='abstract_with_unique_concrete_subtype' ctxk='java/lang/CharacterData' x='java/lang/CharacterDataLatin1' witness='java/lang/CharacterData00' stamp='3.276'/>
<dependency_failed type='abstract_with_unique_concrete_subtype' ctxk='java/lang/CharacterData' x='java/lang/CharacterDataLatin1' witness='java/lang/CharacterData00' stamp='3.276'/>
<dependency_failed type='abstract_with_unique_concrete_subtype' ctxk='java/lang/CharacterData' x='java/lang/CharacterDataLatin1' witness='java/lang/CharacterData00' stamp='3.276'/>
<dependency_failed type='abstract_with_unique_concrete_subtype' ctxk='java/lang/CharacterData' x='java/lang/CharacterDataLatin1' witness='java/lang/CharacterData00' stamp='3.276'/>
<dependency_failed type='abstract_with_unique_concrete_subtype' ctxk='java/lang/CharacterData' x='java/lang/CharacterDataLatin1' witness='java/lang/CharacterData00' stamp='3.276'/>
<dependency_failed type='abstract_with_unique_concrete_subtype' ctxk='java/lang/CharacterData' x='java/lang/CharacterDataLatin1' witness='java/lang/CharacterData00' stamp='3.276'/>
<dependency_failed type='abstract_with_unique_concrete_subtype' ctxk='java/lang/CharacterData' x='java/lang/CharacterDataLatin1' witness='java/lang/CharacterData00' stamp='3.276'/>
<dependency_failed type='unique_concrete_method_4' ctxk='java/util/concurrent/ConcurrentMap' x='java.util.concurrent.ConcurrentHashMap remove (Ljava/lang/Object;Ljava/lang/Object;)Z' x2='java/util/concurrent/ConcurrentMap' x3='java.util.concurrent.ConcurrentMap remove (Ljava/lang/Object;Ljava/lang/Object;)Z' witness='java/util/concurrent/ConcurrentMap' stamp='3.658'/>
<dependency_failed type='unique_concrete_method_4' ctxk='java/util/concurrent/ConcurrentMap' x='java.util.concurrent.ConcurrentHashMap remove (Ljava/lang/Object;Ljava/lang/Object;)Z' x2='java/util/concurrent/ConcurrentMap' x3='java.util.concurrent.ConcurrentMap remove (Ljava/lang/Object;Ljava/lang/Object;)Z' witness='java/util/concurrent/ConcurrentMap' stamp='3.658'/>
<dependency_failed type='unique_concrete_method_4' ctxk='java/util/concurrent/ConcurrentMap' x='java.util.concurrent.ConcurrentHashMap remove (Ljava/lang/Object;)Ljava/lang/Object;' x2='java/util/concurrent/ConcurrentMap' x3='java.util.concurrent.ConcurrentMap remove (Ljava/lang/Object;)Ljava/lang/Object;' witness='java/util/concurrent/ConcurrentMap' stamp='3.658'/>
<dependency_failed type='unique_concrete_method_4' ctxk='java/util/concurrent/ConcurrentMap' x='java.util.concurrent.ConcurrentHashMap remove (Ljava/lang/Object;)Ljava/lang/Object;' x2='java/util/concurrent/ConcurrentMap' x3='java.util.concurrent.ConcurrentMap remove (Ljava/lang/Object;)Ljava/lang/Object;' witness='java/util/concurrent/ConcurrentMap' stamp='3.658'/>
<dependency_failed type='unique_concrete_method_4' ctxk='java/util/concurrent/ConcurrentMap' x='java.util.concurrent.ConcurrentHashMap remove (Ljava/lang/Object;)Ljava/lang/Object;' x2='java/util/concurrent/ConcurrentMap' x3='java.util.concurrent.ConcurrentMap remove (Ljava/lang/Object;)Ljava/lang/Object;' witness='java/util/concurrent/ConcurrentMap' stamp='3.658'/>
<dependency_failed type='leaf_type' ctxk='java/util/Properties' witness='org/springframework/core/SortedProperties' stamp='4.774'/>
<dependency_failed type='leaf_type' ctxk='java/util/Properties' witness='org/springframework/core/SortedProperties' stamp='4.774'/>
<dependency_failed type='leaf_type' ctxk='java/io/BufferedReader' witness='java/io/LineNumberReader' stamp='4.820'/>
<dependency_failed type='leaf_type' ctxk='org/codehaus/groovy/runtime/metaclass/NewInstanceMetaMethod' witness='org/codehaus/groovy/runtime/GroovyCategorySupport$CategoryMethod' stamp='6.245'/>
<dependency_failed type='unique_concrete_method_4' ctxk='org/springframework/core/ResolvableType' x='org.springframework.core.ResolvableType getGenerics ()[Lorg/springframework/core/ResolvableType;' x2='org/springframework/core/ResolvableType' x3='org.springframework.core.ResolvableType getGenerics ()[Lorg/springframework/core/ResolvableType;' witness='org/springframework/core/ResolvableType$1' stamp='6.651'/>
<dependency_failed type='leaf_type' ctxk='java/util/ArrayDeque' witness='org/springframework/context/annotation/ConfigurationClassParser$ImportStack' stamp='6.762'/>
<dependency_failed type='leaf_type' ctxk='java/util/ArrayDeque' witness='org/springframework/context/annotation/ConfigurationClassParser$ImportStack' stamp='6.762'/>
<dependency_failed type='leaf_type' ctxk='java/util/ArrayDeque' witness='org/springframework/context/annotation/ConfigurationClassParser$ImportStack' stamp='6.762'/>
<dependency_failed type='leaf_type' ctxk='java/util/ArrayDeque' witness='org/springframework/context/annotation/ConfigurationClassParser$ImportStack' stamp='6.762'/>
<dependency_failed type='leaf_type' ctxk='java/util/ArrayDeque' witness='org/springframework/context/annotation/ConfigurationClassParser$ImportStack' stamp='6.762'/>
<dependency_failed type='leaf_type' ctxk='java/util/ArrayDeque' witness='org/springframework/context/annotation/ConfigurationClassParser$ImportStack' stamp='6.762'/>
<dependency_failed type='unique_concrete_method_4' ctxk='org/springframework/asm/ClassVisitor' x='org.springframework.core.type.classreading.SimpleAnnotationMetadataReadingVisitor visit (IILjava/lang/String;Ljava/lang/String;Ljava/lang/String;[Ljava/lang/String;)V' x2='org/springframework/asm/ClassVisitor' x3='org.springframework.asm.ClassVisitor visit (IILjava/lang/String;Ljava/lang/String;Ljava/lang/String;[Ljava/lang/String;)V' witness='org/springframework/cglib/core/DebuggingClassWriter' stamp='8.292'/>
<dependency_failed type='unique_concrete_method_4' ctxk='org/springframework/asm/ClassVisitor' x='org.springframework.core.type.classreading.SimpleAnnotationMetadataReadingVisitor visitMethod (ILjava/lang/String;Ljava/lang/String;Ljava/lang/String;[Ljava/lang/String;)Lorg/springframework/asm/MethodVisitor;' x2='org/springframework/asm/ClassVisitor' x3='org.springframework.asm.ClassVisitor visitMethod (ILjava/lang/String;Ljava/lang/String;Ljava/lang/String;[Ljava/lang/String;)Lorg/springframework/asm/MethodVisitor;' witness='org/springframework/cglib/core/DebuggingClassWriter' stamp='8.292'/>
<dependency_failed type='leaf_type' ctxk='java/util/ArrayList' witness='org/springframework/beans/factory/support/ManagedList' stamp='8.654'/>
<dependency_failed type='leaf_type' ctxk='java/util/ArrayList' witness='org/springframework/beans/factory/support/ManagedList' stamp='8.654'/>
<dependency_failed type='leaf_type' ctxk='java/util/ArrayList' witness='org/springframework/beans/factory/support/ManagedList' stamp='8.654'/>
<dependency_failed type='leaf_type' ctxk='java/util/ArrayList' witness='org/springframework/beans/factory/support/ManagedList' stamp='8.654'/>
<dependency_failed type='leaf_type' ctxk='java/util/ArrayList' witness='org/springframework/beans/factory/support/ManagedList' stamp='8.654'/>
<dependency_failed type='leaf_type' ctxk='java/util/ArrayList' witness='org/springframework/beans/factory/support/ManagedList' stamp='8.654'/>
<dependency_failed type='leaf_type' ctxk='java/util/ArrayList' witness='org/springframework/beans/factory/support/ManagedList' stamp='8.654'/>
<dependency_failed type='leaf_type' ctxk='java/util/ArrayList' witness='org/springframework/beans/factory/support/ManagedList' stamp='8.654'/>
<dependency_failed type='leaf_type' ctxk='java/util/ArrayList' witness='org/springframework/beans/factory/support/ManagedList' stamp='8.654'/>
<dependency_failed type='leaf_type' ctxk='java/util/ArrayList' witness='org/springframework/beans/factory/support/ManagedList' stamp='8.654'/>
<dependency_failed type='leaf_type' ctxk='java/util/ArrayList' witness='org/springframework/beans/factory/support/ManagedList' stamp='8.654'/>
<dependency_failed type='leaf_type' ctxk='java/util/ArrayList' witness='org/springframework/beans/factory/support/ManagedList' stamp='8.654'/>
<dependency_failed type='leaf_type' ctxk='java/util/ArrayList' witness='org/springframework/beans/factory/support/ManagedList' stamp='8.654'/>
<dependency_failed type='leaf_type' ctxk='java/util/ArrayList' witness='org/springframework/beans/factory/support/ManagedList' stamp='8.655'/>
<dependency_failed type='leaf_type' ctxk='java/util/LinkedHashSet' witness='org/springframework/beans/factory/support/ManagedSet' stamp='8.658'/>
<dependency_failed type='leaf_type' ctxk='java/util/LinkedHashSet' witness='org/springframework/beans/factory/support/ManagedSet' stamp='8.658'/>
<dependency_failed type='unique_concrete_method_4' ctxk='java/util/Properties' x='java.util.Properties put (Ljava/lang/Object;Ljava/lang/Object;)Ljava/lang/Object;' x2='java/util/Properties' x3='java.util.Properties put (Ljava/lang/Object;Ljava/lang/Object;)Ljava/lang/Object;' witness='sun/security/jca/ProviderList$1' stamp='8.944'/>
<dependency_failed type='unique_concrete_method_4' ctxk='java/util/Properties' x='java.util.Properties getProperty (Ljava/lang/String;)Ljava/lang/String;' x2='java/util/Properties' x3='java.util.Properties getProperty (Ljava/lang/String;)Ljava/lang/String;' witness='sun/security/jca/ProviderList$1' stamp='8.944'/>
<dependency_failed type='unique_concrete_method_4' ctxk='java/util/Properties' x='java.util.Properties getProperty (Ljava/lang/String;)Ljava/lang/String;' x2='java/util/Properties' x3='java.util.Properties getProperty (Ljava/lang/String;)Ljava/lang/String;' witness='sun/security/jca/ProviderList$1' stamp='8.944'/>
<dependency_failed type='unique_concrete_method_4' ctxk='java/util/Properties' x='java.util.Properties put (Ljava/lang/Object;Ljava/lang/Object;)Ljava/lang/Object;' x2='java/util/Properties' x3='java.util.Properties put (Ljava/lang/Object;Ljava/lang/Object;)Ljava/lang/Object;' witness='sun/security/jca/ProviderList$1' stamp='8.944'/>
<dependency_failed type='unique_concrete_method_4' ctxk='java/util/Properties' x='java.util.Properties put (Ljava/lang/Object;Ljava/lang/Object;)Ljava/lang/Object;' x2='java/util/Properties' x3='java.util.Properties put (Ljava/lang/Object;Ljava/lang/Object;)Ljava/lang/Object;' witness='sun/security/jca/ProviderList$1' stamp='8.944'/>
<dependency_failed type='unique_concrete_method_4' ctxk='java/util/Properties' x='java.util.Properties getProperty (Ljava/lang/String;)Ljava/lang/String;' x2='java/util/Properties' x3='java.util.Properties getProperty (Ljava/lang/String;)Ljava/lang/String;' witness='sun/security/jca/ProviderList$1' stamp='8.944'/>
<dependency_failed type='unique_concrete_method_4' ctxk='java/util/Properties' x='java.util.Properties getProperty (Ljava/lang/String;)Ljava/lang/String;' x2='java/util/Properties' x3='java.util.Properties getProperty (Ljava/lang/String;)Ljava/lang/String;' witness='sun/security/jca/ProviderList$1' stamp='8.944'/>
<dependency_failed type='unique_concrete_method_4' ctxk='java/util/Properties' x='java.util.Properties getProperty (Ljava/lang/String;)Ljava/lang/String;' x2='java/util/Properties' x3='java.util.Properties getProperty (Ljava/lang/String;)Ljava/lang/String;' witness='sun/security/jca/ProviderList$1' stamp='8.944'/>
<dependency_failed type='unique_concrete_method_4' ctxk='java/lang/Throwable' x='java.lang.Throwable toString ()Ljava/lang/String;' x2='java/lang/Throwable' x3='java.lang.Throwable toString ()Ljava/lang/String;' witness='org/springframework/beans/factory/BeanCreationException' stamp='11.774'/>
<dependency_failed type='unique_concrete_method_4' ctxk='org/springframework/beans/factory/ObjectFactory' x='org.springframework.beans.factory.support.AbstractBeanFactory$$Lambda$479/0x0000790430228800 getObject ()Ljava/lang/Object;' x2='org/springframework/beans/factory/ObjectFactory' x3='org.springframework.beans.factory.ObjectFactory getObject ()Ljava/lang/Object;' witness='org/springframework/beans/factory/ObjectFactory' stamp='11.794'/>
<dependency_failed type='unique_concrete_method_4' ctxk='org/springframework/core/io/DefaultResourceLoader' x='org.springframework.core.io.DefaultResourceLoader getResourceByPath (Ljava/lang/String;)Lorg/springframework/core/io/Resource;' x2='org/springframework/core/io/DefaultResourceLoader' x3='org.springframework.core.io.DefaultResourceLoader getResourceByPath (Ljava/lang/String;)Lorg/springframework/core/io/Resource;' witness='org/springframework/boot/io/ApplicationResourceLoader' stamp='11.853'/>
<dependency_failed type='unique_concrete_method_4' ctxk='java/util/EnumSet' x='java.util.RegularEnumSet add (Ljava/lang/Object;)Z' x2='java/util/Set' x3='java.util.Set add (Ljava/lang/Object;)Z' witness='java/util/JumboEnumSet' stamp='13.109'/>
<dependency_failed type='unique_concrete_method_4' ctxk='java/util/EnumSet' x='java.util.RegularEnumSet contains (Ljava/lang/Object;)Z' x2='java/util/EnumSet' x3='java.util.AbstractCollection contains (Ljava/lang/Object;)Z' witness='java/util/JumboEnumSet' stamp='13.109'/>
<dependency_failed type='unique_concrete_method_4' ctxk='java/util/EnumSet' x='java.util.RegularEnumSet add (Ljava/lang/Object;)Z' x2='java/util/EnumSet' x3='java.util.AbstractCollection add (Ljava/lang/Object;)Z' witness='java/util/JumboEnumSet' stamp='13.109'/>
<dependency_failed type='unique_concrete_method_4' ctxk='java/util/EnumSet' x='java.util.RegularEnumSet contains (Ljava/lang/Object;)Z' x2='java/util/EnumSet' x3='java.util.AbstractCollection contains (Ljava/lang/Object;)Z' witness='java/util/JumboEnumSet' stamp='13.109'/>
<dependency_failed type='unique_concrete_method_4' ctxk='java/util/HashSet' x='java.util.HashSet add (Ljava/lang/Object;)Z' x2='java/util/HashSet' x3='java.util.HashSet add (Ljava/lang/Object;)Z' witness='org/eclipse/jetty/util/ClassMatcher$ByClass' stamp='13.366'/>
<dependency_failed type='unique_concrete_method_4' ctxk='java/util/HashSet' x='java.util.HashSet add (Ljava/lang/Object;)Z' x2='java/util/HashSet' x3='java.util.HashSet add (Ljava/lang/Object;)Z' witness='org/eclipse/jetty/util/ClassMatcher$ByClass' stamp='13.366'/>
<dependency_failed type='unique_concrete_method_4' ctxk='java/util/NavigableMap' x='java.util.TreeMap size ()I' x2='java/util/NavigableMap' x3='java.util.NavigableMap size ()I' witness='java/util/NavigableMap' stamp='13.970'/>
<dependency_failed type='unique_concrete_method_4' ctxk='java/util/NavigableMap' x='java.util.TreeMap put (Ljava/lang/Object;Ljava/lang/Object;)Ljava/lang/Object;' x2='java/util/NavigableMap' x3='java.util.NavigableMap put (Ljava/lang/Object;Ljava/lang/Object;)Ljava/lang/Object;' witness='java/util/NavigableMap' stamp='13.970'/>
<dependency_failed type='unique_concrete_method_4' ctxk='java/nio/channels/ReadableByteChannel' x='sun.nio.ch.FileChannelImpl read (Ljava/nio/ByteBuffer;)I' x2='java/nio/channels/ReadableByteChannel' x3='java.nio.channels.ReadableByteChannel read (Ljava/nio/ByteBuffer;)I' witness='java/nio/channels/ReadableByteChannel' stamp='13.980'/>
<writer thread='154'/>
<dependency_failed type='abstract_with_unique_concrete_subtype' ctxk='sun/nio/ch/NativeDispatcher' x='sun/nio/ch/FileDispatcherImpl' witness='sun/nio/ch/SocketDispatcher' stamp='14.195'/>
<dependency_failed type='unique_concrete_method_4' ctxk='java/lang/ClassLoader' x='java.lang.ClassLoader getResource (Ljava/lang/String;)Ljava/net/URL;' x2='java/lang/ClassLoader' x3='java.lang.ClassLoader getResource (Ljava/lang/String;)Ljava/net/URL;' witness='org/eclipse/jetty/ee8/webapp/WebAppClassLoader' stamp='14.552'/>
<dependency_failed type='unique_concrete_method_4' ctxk='com/google/common/collect/ImmutableSet' x='com.google.common.collect.RegularImmutableSet contains (Ljava/lang/Object;)Z' x2='com/google/common/collect/ImmutableSet' x3='com.google.common.collect.ImmutableCollection contains (Ljava/lang/Object;)Z' witness='com/google/common/collect/SingletonImmutableSet' stamp='23.257'/>
<dependency_failed type='unique_concrete_method_4' ctxk='com/google/common/collect/ImmutableSet' x='com.google.common.collect.RegularImmutableSet contains (Ljava/lang/Object;)Z' x2='com/google/common/collect/ImmutableSet' x3='com.google.common.collect.ImmutableCollection contains (Ljava/lang/Object;)Z' witness='com/google/common/collect/SingletonImmutableSet' stamp='23.257'/>
<dependency_failed type='no_finalizable_subclasses' ctxk='java/lang/Object' witness='org/apache/http/impl/conn/PoolingHttpClientConnectionManager' stamp='24.619'/>
<dependency_failed type='leaf_type' ctxk='com/google/inject/PrivateModule' witness='org/apache/shiro/guice/ShiroModule' stamp='33.183'/>
<dependency_failed type='unique_concrete_method_4' ctxk='java/util/HashMap' x='java.util.HashMap size ()I' x2='java/util/HashMap' x3='java.util.HashMap size ()I' witness='org/apache/commons/beanutils/WeakFastHashMap' stamp='33.282'/>
<dependency_failed type='unique_concrete_method_4' ctxk='java/util/HashMap' x='java.util.HashMap isEmpty ()Z' x2='java/util/HashMap' x3='java.util.HashMap isEmpty ()Z' witness='org/apache/commons/beanutils/WeakFastHashMap' stamp='33.282'/>
<dependency_failed type='unique_concrete_method_4' ctxk='java/util/HashMap' x='java.util.HashMap remove (Ljava/lang/Object;)Ljava/lang/Object;' x2='java/util/HashMap' x3='java.util.HashMap remove (Ljava/lang/Object;)Ljava/lang/Object;' witness='org/apache/commons/beanutils/WeakFastHashMap' stamp='33.282'/>
<dependency_failed type='unique_concrete_method_4' ctxk='java/util/HashMap' x='java.util.HashMap containsKey (Ljava/lang/Object;)Z' x2='java/util/HashMap' x3='java.util.HashMap containsKey (Ljava/lang/Object;)Z' witness='org/apache/commons/beanutils/WeakFastHashMap' stamp='33.282'/>
<dependency_failed type='unique_concrete_method_4' ctxk='java/util/HashMap' x='java.util.HashMap containsKey (Ljava/lang/Object;)Z' x2='java/util/HashMap' x3='java.util.HashMap containsKey (Ljava/lang/Object;)Z' witness='org/apache/commons/beanutils/WeakFastHashMap' stamp='33.282'/>
<dependency_failed type='unique_concrete_method_4' ctxk='java/util/HashMap' x='java.util.HashMap put (Ljava/lang/Object;Ljava/lang/Object;)Ljava/lang/Object;' x2='java/util/HashMap' x3='java.util.HashMap put (Ljava/lang/Object;Ljava/lang/Object;)Ljava/lang/Object;' witness='org/apache/commons/beanutils/WeakFastHashMap' stamp='33.282'/>
<dependency_failed type='unique_concrete_method_4' ctxk='java/util/HashMap' x='java.util.HashMap containsKey (Ljava/lang/Object;)Z' x2='java/util/HashMap' x3='java.util.HashMap containsKey (Ljava/lang/Object;)Z' witness='org/apache/commons/beanutils/WeakFastHashMap' stamp='33.282'/>
<dependency_failed type='unique_concrete_method_4' ctxk='java/util/HashMap' x='java.util.HashMap put (Ljava/lang/Object;Ljava/lang/Object;)Ljava/lang/Object;' x2='java/util/HashMap' x3='java.util.HashMap put (Ljava/lang/Object;Ljava/lang/Object;)Ljava/lang/Object;' witness='org/apache/commons/beanutils/WeakFastHashMap' stamp='33.282'/>
<dependency_failed type='unique_concrete_method_4' ctxk='java/util/HashMap' x='java.util.HashMap containsKey (Ljava/lang/Object;)Z' x2='java/util/HashMap' x3='java.util.HashMap containsKey (Ljava/lang/Object;)Z' witness='org/apache/commons/beanutils/WeakFastHashMap' stamp='33.282'/>
<dependency_failed type='unique_concrete_method_4' ctxk='java/util/HashMap' x='java.util.HashMap containsKey (Ljava/lang/Object;)Z' x2='java/util/HashMap' x3='java.util.HashMap containsKey (Ljava/lang/Object;)Z' witness='org/apache/commons/beanutils/WeakFastHashMap' stamp='33.282'/>
<dependency_failed type='unique_concrete_method_4' ctxk='com/google/common/collect/AbstractIndexedListIterator' x='com.google.common.collect.Iterators$ArrayItr get (I)Ljava/lang/Object;' x2='com/google/common/collect/AbstractIndexedListIterator' x3='com.google.common.collect.AbstractIndexedListIterator get (I)Ljava/lang/Object;' witness='com/google/common/collect/FluentIterable$3$1' stamp='33.638'/>
<dependency_failed type='unique_concrete_method_4' ctxk='com/google/common/collect/AbstractIndexedListIterator' x='com.google.common.collect.Iterators$ArrayItr get (I)Ljava/lang/Object;' x2='com/google/common/collect/AbstractIndexedListIterator' x3='com.google.common.collect.AbstractIndexedListIterator get (I)Ljava/lang/Object;' witness='com/google/common/collect/FluentIterable$3$1' stamp='33.638'/>
<dependency_failed type='unique_concrete_method_4' ctxk='java/lang/ClassLoader' x='java.lang.ClassLoader loadClass (Ljava/lang/String;)Ljava/lang/Class;' x2='java/lang/ClassLoader' x3='java.lang.ClassLoader loadClass (Ljava/lang/String;)Ljava/lang/Class;' witness='org/sonatype/nexus/internal/app/NexusUberClassloader' stamp='33.793'/>
<dependency_failed type='leaf_type' ctxk='java/io/InterruptedIOException' witness='org/apache/http/conn/ConnectTimeoutException' stamp='34.484'/>
<dependency_failed type='unique_concrete_method_4' ctxk='com/google/inject/name/Named' x='com.google.inject.name.NamedImpl value ()Ljava/lang/String;' x2='com/google/inject/name/Named' x3='com.google.inject.name.Named value ()Ljava/lang/String;' witness='com/google/inject/name/Named' stamp='40.189'/>
<dependency_failed type='unique_concrete_method_4' ctxk='com/google/inject/name/Named' x='com.google.inject.name.NamedImpl value ()Ljava/lang/String;' x2='com/google/inject/name/Named' x3='com.google.inject.name.Named value ()Ljava/lang/String;' witness='com/google/inject/name/Named' stamp='40.189'/>
<dependency_failed type='unique_concrete_method_4' ctxk='com/google/common/cache/ReferenceEntry' x='com.google.common.cache.LocalCache$WeakEntry setAccessTime (J)V' x2='com/google/common/cache/ReferenceEntry' x3='com.google.common.cache.ReferenceEntry setAccessTime (J)V' witness='com/google/common/cache/ReferenceEntry' stamp='40.713'/>
<dependency_failed type='unique_concrete_method_4' ctxk='com/google/common/cache/ReferenceEntry' x='com.google.common.cache.LocalCache$WeakEntry getWriteTime ()J' x2='com/google/common/cache/ReferenceEntry' x3='com.google.common.cache.ReferenceEntry getWriteTime ()J' witness='com/google/common/cache/ReferenceEntry' stamp='40.713'/>
<dependency_failed type='unique_concrete_method_4' ctxk='com/google/common/cache/ReferenceEntry' x='com.google.common.cache.LocalCache$WeakEntry setAccessTime (J)V' x2='com/google/common/cache/ReferenceEntry' x3='com.google.common.cache.ReferenceEntry setAccessTime (J)V' witness='com/google/common/cache/ReferenceEntry' stamp='40.713'/>
<dependency_failed type='unique_concrete_method_4' ctxk='com/google/common/cache/ReferenceEntry' x='com.google.common.cache.LocalCache$WeakEntry getAccessTime ()J' x2='com/google/common/cache/ReferenceEntry' x3='com.google.common.cache.ReferenceEntry getAccessTime ()J' witness='com/google/common/cache/ReferenceEntry' stamp='40.713'/>
<dependency_failed type='unique_concrete_method_4' ctxk='com/google/common/cache/ReferenceEntry' x='com.google.common.cache.LocalCache$WeakEntry getKey ()Ljava/lang/Object;' x2='com/google/common/cache/ReferenceEntry' x3='com.google.common.cache.ReferenceEntry getKey ()Ljava/lang/Object;' witness='com/google/common/cache/ReferenceEntry' stamp='40.713'/>
<dependency_failed type='unique_concrete_method_4' ctxk='com/google/common/cache/ReferenceEntry' x='com.google.common.cache.LocalCache$WeakEntry getHash ()I' x2='com/google/common/cache/ReferenceEntry' x3='com.google.common.cache.ReferenceEntry getHash ()I' witness='com/google/common/cache/ReferenceEntry' stamp='40.714'/>
<dependency_failed type='abstract_with_unique_concrete_subtype' ctxk='com/google/inject/internal/AbstractBindingProcessor' x='com/google/inject/internal/BindingProcessor' witness='com/google/inject/internal/UntargettedBindingProcessor' stamp='40.856'/>
<dependency_failed type='abstract_with_unique_concrete_subtype' ctxk='com/google/inject/internal/AbstractBindingProcessor' x='com/google/inject/internal/BindingProcessor' witness='com/google/inject/internal/UntargettedBindingProcessor' stamp='40.857'/>
<dependency_failed type='abstract_with_unique_concrete_subtype' ctxk='com/google/common/collect/TransformedIterator' x='com/google/common/collect/Lists$TransformingRandomAccessList$1' witness='com/google/common/collect/Maps$2' stamp='44.067'/>
<dependency_failed type='unique_concrete_method_4' ctxk='com/google/common/collect/Multiset' x='com.google.common.collect.LinkedHashMultiset elementSet ()Ljava/util/Set;' x2='com/google/common/collect/Multiset' x3='com.google.common.collect.Multiset elementSet ()Ljava/util/Set;' witness='com/google/common/collect/Multiset' stamp='44.077'/>
<dependency_failed type='unique_concrete_method_4' ctxk='javax/inject/Named' x='jdk.proxy2.$Proxy44 value ()Ljava/lang/String;' x2='javax/inject/Named' x3='javax.inject.Named value ()Ljava/lang/String;' witness='javax/inject/Named' stamp='44.490'/>
<dependency_failed type='leaf_type' ctxk='java/io/ByteArrayOutputStream' witness='sun/security/util/DerOutputStream' stamp='44.538'/>
<dependency_failed type='leaf_type' ctxk='java/io/ByteArrayOutputStream' witness='sun/security/util/DerOutputStream' stamp='44.538'/>
<dependency_failed type='leaf_type' ctxk='java/io/ByteArrayOutputStream' witness='sun/security/util/DerOutputStream' stamp='44.538'/>
<dependency_failed type='unique_concrete_method_4' ctxk='java/net/URLStreamHandler' x='java.net.URLStreamHandler getDefaultPort ()I' x2='java/net/URLStreamHandler' x3='java.net.URLStreamHandler getDefaultPort ()I' witness='sun/net/www/protocol/http/Handler' stamp='45.346'/>
<dependency_failed type='unique_concrete_method_4' ctxk='java/net/URLStreamHandler' x='java.net.URLStreamHandler getDefaultPort ()I' x2='java/net/URLStreamHandler' x3='java.net.URLStreamHandler getDefaultPort ()I' witness='sun/net/www/protocol/http/Handler' stamp='45.346'/>
<dependency_failed type='unique_concrete_method_4' ctxk='java/net/URLStreamHandler' x='java.net.URLStreamHandler getDefaultPort ()I' x2='java/net/URLStreamHandler' x3='java.net.URLStreamHandler getDefaultPort ()I' witness='sun/net/www/protocol/http/Handler' stamp='45.346'/>
<dependency_failed type='unique_concrete_method_4' ctxk='java/net/URLStreamHandler' x='java.net.URLStreamHandler getDefaultPort ()I' x2='java/net/URLStreamHandler' x3='java.net.URLStreamHandler getDefaultPort ()I' witness='sun/net/www/protocol/http/Handler' stamp='45.346'/>
<dependency_failed type='unique_concrete_method_4' ctxk='java/net/URLStreamHandler' x='java.net.URLStreamHandler getDefaultPort ()I' x2='java/net/URLStreamHandler' x3='java.net.URLStreamHandler getDefaultPort ()I' witness='sun/net/www/protocol/http/Handler' stamp='45.346'/>
<dependency_failed type='unique_concrete_method_4' ctxk='java/net/URLStreamHandler' x='java.net.URLStreamHandler getDefaultPort ()I' x2='java/net/URLStreamHandler' x3='java.net.URLStreamHandler getDefaultPort ()I' witness='sun/net/www/protocol/http/Handler' stamp='45.346'/>
<dependency_failed type='unique_concrete_method_4' ctxk='java/net/URLStreamHandler' x='java.net.URLStreamHandler getDefaultPort ()I' x2='java/net/URLStreamHandler' x3='java.net.URLStreamHandler getDefaultPort ()I' witness='sun/net/www/protocol/http/Handler' stamp='45.346'/>
<dependency_failed type='unique_concrete_method_4' ctxk='java/net/URLStreamHandler' x='java.net.URLStreamHandler getDefaultPort ()I' x2='java/net/URLStreamHandler' x3='java.net.URLStreamHandler getDefaultPort ()I' witness='sun/net/www/protocol/http/Handler' stamp='45.346'/>
<dependency_failed type='abstract_with_unique_concrete_subtype' ctxk='com/google/common/cache/LocalCache$AbstractReferenceEntry' x='com/google/common/cache/LocalCache$StrongEntry' witness='com/google/common/cache/LocalCache$AccessQueue$1' stamp='45.930'/>
<dependency_failed type='abstract_with_unique_concrete_subtype' ctxk='com/google/common/cache/LocalCache$AbstractReferenceEntry' x='com/google/common/cache/LocalCache$StrongEntry' witness='com/google/common/cache/LocalCache$AccessQueue$1' stamp='45.930'/>
<dependency_failed type='abstract_with_unique_concrete_subtype' ctxk='com/google/common/cache/LocalCache$AbstractReferenceEntry' x='com/google/common/cache/LocalCache$StrongEntry' witness='com/google/common/cache/LocalCache$AccessQueue$1' stamp='45.930'/>
<dependency_failed type='unique_concrete_method_4' ctxk='java/lang/reflect/TypeVariable' x='sun.reflect.generics.reflectiveObjects.TypeVariableImpl getBounds ()[Ljava/lang/reflect/Type;' x2='java/lang/reflect/TypeVariable' x3='java.lang.reflect.TypeVariable getBounds ()[Ljava/lang/reflect/Type;' witness='java/lang/reflect/TypeVariable' stamp='46.477'/>
<dependency_failed type='unique_concrete_method_4' ctxk='java/lang/reflect/TypeVariable' x='sun.reflect.generics.reflectiveObjects.TypeVariableImpl getGenericDeclaration ()Ljava/lang/reflect/GenericDeclaration;' x2='java/lang/reflect/TypeVariable' x3='java.lang.reflect.TypeVariable getGenericDeclaration ()Ljava/l